{"/home/mjrw/workNode/RibMan/nodejs-server/src/model/Config.ts": {"path":"/home/mjrw/workNode/RibMan/nodejs-server/src/model/Config.ts","statementMap":{"0":{"start":{"line":1,"column":0},"end":{"line":1,"column":25}},"1":{"start":{"line":8,"column":8},"end":{"line":8,"column":25}},"2":{"start":{"line":11,"column":8},"end":{"line":11,"column":50}},"3":{"start":{"line":12,"column":8},"end":{"line":12,"column":41}},"4":{"start":{"line":13,"column":8},"end":{"line":13,"column":35}},"5":{"start":{"line":14,"column":8},"end":{"line":14,"column":46}},"6":{"start":{"line":15,"column":8},"end":{"line":15,"column":48}},"7":{"start":{"line":16,"column":8},"end":{"line":21,"column":10}},"8":{"start":{"line":22,"column":8},"end":{"line":22,"column":44}},"9":{"start":{"line":27,"column":8},"end":{"line":27,"column":47}},"10":{"start":{"line":35,"column":21},"end":{"line":35,"column":56}},"11":{"start":{"line":36,"column":8},"end":{"line":43,"column":null}},"12":{"start":{"line":37,"column":33},"end":{"line":37,"column":49}},"13":{"start":{"line":38,"column":12},"end":{"line":38,"column":62}},"14":{"start":{"line":40,"column":12},"end":{"line":40,"column":84}},"15":{"start":{"line":42,"column":12},"end":{"line":42,"column":29}},"16":{"start":{"line":52,"column":8},"end":{"line":54,"column":null}},"17":{"start":{"line":53,"column":8},"end":{"line":53,"column":39}},"18":{"start":{"line":55,"column":8},"end":{"line":55,"column":31}},"19":{"start":{"line":59,"column":8},"end":{"line":59,"column":33}},"20":{"start":{"line":63,"column":8},"end":{"line":63,"column":32}},"21":{"start":{"line":67,"column":8},"end":{"line":67,"column":34}},"22":{"start":{"line":3,"column":0},"end":{"line":3,"column":13}}},"fnMap":{"0":{"name":"(anonymous_6)","decl":{"start":{"line":7,"column":4},"end":{"line":7,"column":null}},"loc":{"start":{"line":7,"column":4},"end":{"line":28,"column":5}}},"1":{"name":"(anonymous_7)","decl":{"start":{"line":29,"column":12},"end":{"line":29,"column":30}},"loc":{"start":{"line":29,"column":49},"end":{"line":44,"column":9}}},"2":{"name":"(anonymous_8)","decl":{"start":{"line":51,"column":11},"end":{"line":51,"column":17}},"loc":{"start":{"line":51,"column":29},"end":{"line":56,"column":5}}},"3":{"name":"(anonymous_9)","decl":{"start":{"line":58,"column":11},"end":{"line":58,"column":14}},"loc":{"start":{"line":58,"column":38},"end":{"line":60,"column":5}}},"4":{"name":"(anonymous_10)","decl":{"start":{"line":62,"column":11},"end":{"line":62,"column":14}},"loc":{"start":{"line":62,"column":26},"end":{"line":64,"column":5}}},"5":{"name":"(anonymous_11)","decl":{"start":{"line":66,"column":11},"end":{"line":66,"column":14}},"loc":{"start":{"line":66,"column":26},"end":{"line":68,"column":5}}}},"branchMap":{"0":{"loc":{"start":{"line":52,"column":8},"end":{"line":54,"column":null}},"type":"if","locations":[{"start":{"line":52,"column":8},"end":{"line":54,"column":null}},{"start":{},"end":{}}]}},"s":{"0":1,"1":1,"2":1,"3":1,"4":1,"5":1,"6":1,"7":1,"8":1,"9":1,"10":1,"11":1,"12":1,"13":1,"14":0,"15":0,"16":1,"17":1,"18":1,"19":0,"20":1,"21":0,"22":1},"f":{"0":1,"1":1,"2":1,"3":0,"4":1,"5":0},"b":{"0":[1,0]}}
,"/home/mjrw/workNode/RibMan/nodejs-server/src/model/Person.ts": {"path":"/home/mjrw/workNode/RibMan/nodejs-server/src/model/Person.ts","statementMap":{"0":{"start":{"line":21,"column":8},"end":{"line":21,"column":21}},"1":{"start":{"line":22,"column":8},"end":{"line":22,"column":35}},"2":{"start":{"line":23,"column":8},"end":{"line":23,"column":33}},"3":{"start":{"line":24,"column":8},"end":{"line":24,"column":37}},"4":{"start":{"line":25,"column":8},"end":{"line":25,"column":33}},"5":{"start":{"line":26,"column":8},"end":{"line":26,"column":35}},"6":{"start":{"line":27,"column":8},"end":{"line":27,"column":89}},"7":{"start":{"line":41,"column":8},"end":{"line":49,"column":10}},"8":{"start":{"line":62,"column":23},"end":{"line":68,"column":null}},"9":{"start":{"line":70,"column":8},"end":{"line":70,"column":43}},"10":{"start":{"line":71,"column":8},"end":{"line":71,"column":22}},"11":{"start":{"line":3,"column":0},"end":{"line":3,"column":13}}},"fnMap":{"0":{"name":"(anonymous_0)","decl":{"start":{"line":13,"column":4},"end":{"line":13,"column":null}},"loc":{"start":{"line":19,"column":26},"end":{"line":28,"column":5}}},"1":{"name":"(anonymous_1)","decl":{"start":{"line":32,"column":4},"end":{"line":32,"column":10}},"loc":{"start":{"line":32,"column":10},"end":{"line":50,"column":5}}},"2":{"name":"(anonymous_2)","decl":{"start":{"line":53,"column":4},"end":{"line":53,"column":10}},"loc":{"start":{"line":61,"column":5},"end":{"line":72,"column":5}}}},"branchMap":{},"s":{"0":11,"1":11,"2":11,"3":11,"4":11,"5":11,"6":11,"7":0,"8":2,"9":2,"10":2,"11":1},"f":{"0":11,"1":0,"2":2},"b":{}}
,"/home/mjrw/workNode/RibMan/nodejs-server/src/model/PersonManager.ts": {"path":"/home/mjrw/workNode/RibMan/nodejs-server/src/model/PersonManager.ts","statementMap":{"0":{"start":{"line":5,"column":0},"end":{"line":5,"column":71}},"1":{"start":{"line":6,"column":0},"end":{"line":6,"column":90}},"2":{"start":{"line":7,"column":0},"end":{"line":7,"column":53}},"3":{"start":{"line":8,"column":0},"end":{"line":8,"column":34}},"4":{"start":{"line":9,"column":0},"end":{"line":9,"column":34}},"5":{"start":{"line":12,"column":19},"end":{"line":12,"column":31}},"6":{"start":{"line":13,"column":15},"end":{"line":13,"column":49}},"7":{"start":{"line":18,"column":12},"end":{"line":18,"column":60}},"8":{"start":{"line":20,"column":12},"end":{"line":20,"column":68}},"9":{"start":{"line":25,"column":8},"end":{"line":28,"column":null}},"10":{"start":{"line":26,"column":12},"end":{"line":26,"column":83}},"11":{"start":{"line":27,"column":12},"end":{"line":27,"column":53}},"12":{"start":{"line":30,"column":24},"end":{"line":33,"column":10}},"13":{"start":{"line":35,"column":8},"end":{"line":41,"column":null}},"14":{"start":{"line":36,"column":12},"end":{"line":36,"column":50}},"15":{"start":{"line":37,"column":12},"end":{"line":37,"column":91}},"16":{"start":{"line":39,"column":12},"end":{"line":39,"column":76}},"17":{"start":{"line":40,"column":12},"end":{"line":40,"column":22}},"18":{"start":{"line":46,"column":24},"end":{"line":48,"column":10}},"19":{"start":{"line":50,"column":8},"end":{"line":60,"column":null}},"20":{"start":{"line":51,"column":29},"end":{"line":51,"column":66}},"21":{"start":{"line":52,"column":12},"end":{"line":54,"column":null}},"22":{"start":{"line":53,"column":16},"end":{"line":53,"column":26}},"23":{"start":{"line":55,"column":12},"end":{"line":55,"column":91}},"24":{"start":{"line":55,"column":46},"end":{"line":55,"column":89}},"25":{"start":{"line":58,"column":12},"end":{"line":58,"column":71}},"26":{"start":{"line":59,"column":12},"end":{"line":59,"column":22}},"27":{"start":{"line":64,"column":24},"end":{"line":66,"column":10}},"28":{"start":{"line":67,"column":8},"end":{"line":81,"column":null}},"29":{"start":{"line":68,"column":29},"end":{"line":68,"column":66}},"30":{"start":{"line":69,"column":12},"end":{"line":77,"column":null}},"31":{"start":{"line":70,"column":16},"end":{"line":76,"column":null}},"32":{"start":{"line":71,"column":35},"end":{"line":71,"column":78}},"33":{"start":{"line":72,"column":20},"end":{"line":75,"column":null}},"34":{"start":{"line":73,"column":24},"end":{"line":73,"column":110}},"35":{"start":{"line":74,"column":24},"end":{"line":74,"column":77}},"36":{"start":{"line":79,"column":12},"end":{"line":79,"column":72}},"37":{"start":{"line":80,"column":12},"end":{"line":80,"column":22}},"38":{"start":{"line":85,"column":24},"end":{"line":88,"column":10}},"39":{"start":{"line":89,"column":8},"end":{"line":95,"column":null}},"40":{"start":{"line":90,"column":12},"end":{"line":90,"column":50}},"41":{"start":{"line":91,"column":12},"end":{"line":91,"column":70}},"42":{"start":{"line":93,"column":12},"end":{"line":93,"column":71}},"43":{"start":{"line":94,"column":12},"end":{"line":94,"column":22}},"44":{"start":{"line":105,"column":8},"end":{"line":105,"column":52}},"45":{"start":{"line":107,"column":29},"end":{"line":107,"column":96}},"46":{"start":{"line":108,"column":38},"end":{"line":108,"column":40}},"47":{"start":{"line":111,"column":8},"end":{"line":115,"column":null}},"48":{"start":{"line":112,"column":12},"end":{"line":112,"column":139}},"49":{"start":{"line":113,"column":12},"end":{"line":113,"column":50}},"50":{"start":{"line":117,"column":24},"end":{"line":123,"column":10}},"51":{"start":{"line":125,"column":8},"end":{"line":147,"column":null}},"52":{"start":{"line":126,"column":29},"end":{"line":126,"column":66}},"53":{"start":{"line":127,"column":12},"end":{"line":142,"column":null}},"54":{"start":{"line":128,"column":16},"end":{"line":140,"column":null}},"55":{"start":{"line":129,"column":41},"end":{"line":129,"column":57}},"56":{"start":{"line":130,"column":20},"end":{"line":130,"column":102}},"57":{"start":{"line":131,"column":35},"end":{"line":131,"column":74}},"58":{"start":{"line":132,"column":20},"end":{"line":139,"column":null}},"59":{"start":{"line":138,"column":24},"end":{"line":138,"column":49}},"60":{"start":{"line":143,"column":12},"end":{"line":143,"column":31}},"61":{"start":{"line":145,"column":12},"end":{"line":145,"column":84}},"62":{"start":{"line":146,"column":12},"end":{"line":146,"column":22}},"63":{"start":{"line":16,"column":0},"end":{"line":16,"column":13}},"64":{"start":{"line":150,"column":13},"end":{"line":150,"column":49}}},"fnMap":{"0":{"name":"(anonymous_7)","decl":{"start":{"line":16,"column":0},"end":{"line":16,"column":13}},"loc":{"start":{"line":16,"column":0},"end":{"line":149,"column":1}}},"1":{"name":"(anonymous_8)","decl":{"start":{"line":24,"column":10},"end":{"line":24,"column":20}},"loc":{"start":{"line":24,"column":35},"end":{"line":42,"column":null}}},"2":{"name":"(anonymous_10)","decl":{"start":{"line":45,"column":10},"end":{"line":45,"column":24}},"loc":{"start":{"line":45,"column":24},"end":{"line":61,"column":null}}},"3":{"name":"(anonymous_12)","decl":{"start":{"line":55,"column":38},"end":{"line":55,"column":42}},"loc":{"start":{"line":55,"column":46},"end":{"line":55,"column":89}}},"4":{"name":"(anonymous_13)","decl":{"start":{"line":63,"column":10},"end":{"line":63,"column":26}},"loc":{"start":{"line":63,"column":26},"end":{"line":82,"column":null}}},"5":{"name":"(anonymous_15)","decl":{"start":{"line":84,"column":10},"end":{"line":84,"column":22}},"loc":{"start":{"line":84,"column":53},"end":{"line":96,"column":null}}},"6":{"name":"(anonymous_17)","decl":{"start":{"line":99,"column":10},"end":{"line":99,"column":41}},"loc":{"start":{"line":103,"column":25},"end":{"line":148,"column":null}}}},"branchMap":{"0":{"loc":{"start":{"line":25,"column":8},"end":{"line":28,"column":null}},"type":"if","locations":[{"start":{"line":25,"column":8},"end":{"line":28,"column":null}},{"start":{},"end":{}}]},"1":{"loc":{"start":{"line":25,"column":12},"end":{"line":25,"column":58}},"type":"binary-expr","locations":[{"start":{"line":25,"column":12},"end":{"line":25,"column":19}},{"start":{"line":25,"column":23},"end":{"line":25,"column":58}}]},"2":{"loc":{"start":{"line":52,"column":12},"end":{"line":54,"column":null}},"type":"if","locations":[{"start":{"line":52,"column":12},"end":{"line":54,"column":null}},{"start":{},"end":{}}]},"3":{"loc":{"start":{"line":69,"column":12},"end":{"line":77,"column":null}},"type":"if","locations":[{"start":{"line":69,"column":12},"end":{"line":77,"column":null}},{"start":{},"end":{}}]},"4":{"loc":{"start":{"line":69,"column":16},"end":{"line":69,"column":59}},"type":"binary-expr","locations":[{"start":{"line":69,"column":16},"end":{"line":69,"column":30}},{"start":{"line":69,"column":34},"end":{"line":69,"column":59}}]},"5":{"loc":{"start":{"line":72,"column":20},"end":{"line":75,"column":null}},"type":"if","locations":[{"start":{"line":72,"column":20},"end":{"line":75,"column":null}},{"start":{},"end":{}}]},"6":{"loc":{"start":{"line":72,"column":23},"end":{"line":72,"column":62}},"type":"binary-expr","locations":[{"start":{"line":72,"column":23},"end":{"line":72,"column":29}},{"start":{"line":72,"column":33},"end":{"line":72,"column":42}},{"start":{"line":72,"column":46},"end":{"line":72,"column":62}}]},"7":{"loc":{"start":{"line":111,"column":8},"end":{"line":115,"column":null}},"type":"if","locations":[{"start":{"line":111,"column":8},"end":{"line":115,"column":null}},{"start":{},"end":{}}]},"8":{"loc":{"start":{"line":111,"column":12},"end":{"line":111,"column":54}},"type":"binary-expr","locations":[{"start":{"line":111,"column":12},"end":{"line":111,"column":26}},{"start":{"line":111,"column":30},"end":{"line":111,"column":39}},{"start":{"line":111,"column":43},"end":{"line":111,"column":54}}]},"9":{"loc":{"start":{"line":127,"column":12},"end":{"line":142,"column":null}},"type":"if","locations":[{"start":{"line":127,"column":12},"end":{"line":142,"column":null}},{"start":{},"end":{}}]},"10":{"loc":{"start":{"line":127,"column":16},"end":{"line":127,"column":59}},"type":"binary-expr","locations":[{"start":{"line":127,"column":16},"end":{"line":127,"column":30}},{"start":{"line":127,"column":34},"end":{"line":127,"column":59}}]},"11":{"loc":{"start":{"line":132,"column":20},"end":{"line":139,"column":null}},"type":"if","locations":[{"start":{"line":132,"column":20},"end":{"line":139,"column":null}},{"start":{},"end":{}}]},"12":{"loc":{"start":{"line":133,"column":24},"end":{"line":136,"column":75}},"type":"binary-expr","locations":[{"start":{"line":133,"column":24},"end":{"line":133,"column":79}},{"start":{"line":134,"column":24},"end":{"line":134,"column":52}},{"start":{"line":135,"column":24},"end":{"line":135,"column":56}},{"start":{"line":136,"column":25},"end":{"line":136,"column":40}},{"start":{"line":136,"column":44},"end":{"line":136,"column":74}}]}},"s":{"0":1,"1":1,"2":1,"3":1,"4":1,"5":1,"6":1,"7":24,"8":24,"9":3,"10":1,"11":1,"12":2,"13":2,"14":2,"15":1,"16":1,"17":1,"18":3,"19":3,"20":3,"21":2,"22":1,"23":1,"24":2,"25":1,"26":1,"27":3,"28":3,"29":3,"30":2,"31":1,"32":2,"33":2,"34":2,"35":2,"36":1,"37":1,"38":2,"39":2,"40":2,"41":2,"42":0,"43":0,"44":8,"45":8,"46":8,"47":8,"48":1,"49":1,"50":7,"51":7,"52":7,"53":5,"54":3,"55":5,"56":5,"57":5,"58":5,"59":5,"60":5,"61":2,"62":2,"63":1,"64":1},"f":{"0":24,"1":3,"2":3,"3":2,"4":3,"5":2,"6":8},"b":{"0":[1,2],"1":[3,2],"2":[1,1],"3":[1,1],"4":[2,2],"5":[2,0],"6":[2,2,2],"7":[1,7],"8":[8,7,7],"9":[3,2],"10":[5,5],"11":[5,0],"12":[5,5,5,5,4]}}
}
