{"/home/mjrw/workNode/RibMan/nodejs-server/src/environment.ts": {"path":"/home/mjrw/workNode/RibMan/nodejs-server/src/environment.ts","statementMap":{"0":{"start":{"line":1,"column":13},"end":{"line":10,"column":2}}},"fnMap":{},"branchMap":{},"s":{"0":10},"f":{},"b":{}}
,"/home/mjrw/workNode/RibMan/nodejs-server/src/api/server.ts": {"path":"/home/mjrw/workNode/RibMan/nodejs-server/src/api/server.ts","statementMap":{"0":{"start":{"line":2,"column":0},"end":{"line":2,"column":35}},"1":{"start":{"line":5,"column":0},"end":{"line":5,"column":36}},"2":{"start":{"line":6,"column":0},"end":{"line":6,"column":25}},"3":{"start":{"line":10,"column":0},"end":{"line":10,"column":45}},"4":{"start":{"line":12,"column":0},"end":{"line":12,"column":24}},"5":{"start":{"line":13,"column":0},"end":{"line":13,"column":40}},"6":{"start":{"line":15,"column":21},"end":{"line":15,"column":67}},"7":{"start":{"line":16,"column":0},"end":{"line":16,"column":59}},"8":{"start":{"line":17,"column":13},"end":{"line":17,"column":69}},"9":{"start":{"line":21,"column":4},"end":{"line":21,"column":16}},"10":{"start":{"line":25,"column":4},"end":{"line":25,"column":38}},"11":{"start":{"line":29,"column":4},"end":{"line":29,"column":34}},"12":{"start":{"line":35,"column":18},"end":{"line":35,"column":61}},"13":{"start":{"line":37,"column":16},"end":{"line":37,"column":52}},"14":{"start":{"line":38,"column":17},"end":{"line":38,"column":35}},"15":{"start":{"line":40,"column":26},"end":{"line":40,"column":54}},"16":{"start":{"line":43,"column":4},"end":{"line":54,"column":null}},"17":{"start":{"line":44,"column":26},"end":{"line":48,"column":null}},"18":{"start":{"line":50,"column":6},"end":{"line":50,"column":35}},"19":{"start":{"line":52,"column":6},"end":{"line":52,"column":52}},"20":{"start":{"line":53,"column":6},"end":{"line":53,"column":70}},"21":{"start":{"line":58,"column":23},"end":{"line":58,"column":36}},"22":{"start":{"line":59,"column":34},"end":{"line":59,"column":47}},"23":{"start":{"line":60,"column":34},"end":{"line":60,"column":57}},"24":{"start":{"line":61,"column":35},"end":{"line":61,"column":64}},"25":{"start":{"line":63,"column":4},"end":{"line":83,"column":null}},"26":{"start":{"line":64,"column":6},"end":{"line":64,"column":74}},"27":{"start":{"line":65,"column":25},"end":{"line":75,"column":10}},"28":{"start":{"line":72,"column":37},"end":{"line":72,"column":43}},"29":{"start":{"line":78,"column":8},"end":{"line":78,"column":46}},"30":{"start":{"line":79,"column":6},"end":{"line":79,"column":79}},"31":{"start":{"line":81,"column":6},"end":{"line":81,"column":54}},"32":{"start":{"line":82,"column":6},"end":{"line":82,"column":72}},"33":{"start":{"line":89,"column":23},"end":{"line":89,"column":36}},"34":{"start":{"line":90,"column":25},"end":{"line":90,"column":38}},"35":{"start":{"line":91,"column":27},"end":{"line":91,"column":66}},"36":{"start":{"line":94,"column":4},"end":{"line":112,"column":null}},"37":{"start":{"line":95,"column":6},"end":{"line":95,"column":31}},"38":{"start":{"line":96,"column":6},"end":{"line":96,"column":47}},"39":{"start":{"line":97,"column":6},"end":{"line":97,"column":30}},"40":{"start":{"line":98,"column":6},"end":{"line":98,"column":61}},"41":{"start":{"line":99,"column":23},"end":{"line":106,"column":8}},"42":{"start":{"line":107,"column":6},"end":{"line":107,"column":50}},"43":{"start":{"line":108,"column":6},"end":{"line":108,"column":80}},"44":{"start":{"line":110,"column":6},"end":{"line":110,"column":55}},"45":{"start":{"line":111,"column":6},"end":{"line":111,"column":73}},"46":{"start":{"line":117,"column":4},"end":{"line":123,"column":null}},"47":{"start":{"line":118,"column":20},"end":{"line":118,"column":61}},"48":{"start":{"line":119,"column":6},"end":{"line":119,"column":41}},"49":{"start":{"line":121,"column":6},"end":{"line":121,"column":62}},"50":{"start":{"line":122,"column":6},"end":{"line":122,"column":80}},"51":{"start":{"line":128,"column":4},"end":{"line":134,"column":null}},"52":{"start":{"line":129,"column":20},"end":{"line":129,"column":62}},"53":{"start":{"line":130,"column":6},"end":{"line":130,"column":41}},"54":{"start":{"line":132,"column":6},"end":{"line":132,"column":64}},"55":{"start":{"line":133,"column":6},"end":{"line":133,"column":82}},"56":{"start":{"line":138,"column":4},"end":{"line":144,"column":null}},"57":{"start":{"line":139,"column":22},"end":{"line":139,"column":56}},"58":{"start":{"line":140,"column":6},"end":{"line":140,"column":43}},"59":{"start":{"line":142,"column":6},"end":{"line":142,"column":63}},"60":{"start":{"line":143,"column":6},"end":{"line":143,"column":81}},"61":{"start":{"line":150,"column":18},"end":{"line":150,"column":32}},"62":{"start":{"line":151,"column":21},"end":{"line":151,"column":38}},"63":{"start":{"line":153,"column":4},"end":{"line":172,"column":null}},"64":{"start":{"line":154,"column":22},"end":{"line":154,"column":27}},"65":{"start":{"line":156,"column":31},"end":{"line":160,"column":14}},"66":{"start":{"line":163,"column":10},"end":{"line":165,"column":13}},"67":{"start":{"line":166,"column":10},"end":{"line":166,"column":63}},"68":{"start":{"line":171,"column":8},"end":{"line":171,"column":28}},"69":{"start":{"line":177,"column":13},"end":{"line":177,"column":41}},"70":{"start":{"line":180,"column":2},"end":{"line":180,"column":33}}},"fnMap":{"0":{"name":"(anonymous_14)","decl":{"start":{"line":20,"column":2},"end":{"line":20,"column":null}},"loc":{"start":{"line":20,"column":2},"end":{"line":22,"column":3}}},"1":{"name":"(anonymous_15)","decl":{"start":{"line":24,"column":2},"end":{"line":24,"column":6}},"loc":{"start":{"line":24,"column":6},"end":{"line":26,"column":3}}},"2":{"name":"(anonymous_16)","decl":{"start":{"line":28,"column":2},"end":{"line":28,"column":7}},"loc":{"start":{"line":28,"column":7},"end":{"line":30,"column":3}}},"3":{"name":"(anonymous_17)","decl":{"start":{"line":32,"column":15},"end":{"line":32,"column":26}},"loc":{"start":{"line":32,"column":54},"end":{"line":55,"column":null}}},"4":{"name":"(anonymous_19)","decl":{"start":{"line":57,"column":15},"end":{"line":57,"column":26}},"loc":{"start":{"line":57,"column":54},"end":{"line":84,"column":null}}},"5":{"name":"(anonymous_21)","decl":{"start":{"line":72,"column":32},"end":{"line":72,"column":33}},"loc":{"start":{"line":72,"column":37},"end":{"line":72,"column":43}}},"6":{"name":"(anonymous_22)","decl":{"start":{"line":88,"column":15},"end":{"line":88,"column":27}},"loc":{"start":{"line":88,"column":55},"end":{"line":113,"column":null}}},"7":{"name":"(anonymous_24)","decl":{"start":{"line":116,"column":15},"end":{"line":116,"column":32}},"loc":{"start":{"line":116,"column":60},"end":{"line":124,"column":null}}},"8":{"name":"(anonymous_26)","decl":{"start":{"line":127,"column":15},"end":{"line":127,"column":33}},"loc":{"start":{"line":127,"column":61},"end":{"line":135,"column":null}}},"9":{"name":"(anonymous_28)","decl":{"start":{"line":137,"column":15},"end":{"line":137,"column":37}},"loc":{"start":{"line":137,"column":65},"end":{"line":145,"column":null}}},"10":{"name":"(anonymous_30)","decl":{"start":{"line":148,"column":9},"end":{"line":148,"column":14}},"loc":{"start":{"line":148,"column":42},"end":{"line":173,"column":1}}},"11":{"name":"validatePassword","decl":{"start":{"line":178,"column":9},"end":{"line":178,"column":25}},"loc":{"start":{"line":178,"column":42},"end":{"line":181,"column":1}}}},"branchMap":{"0":{"loc":{"start":{"line":35,"column":18},"end":{"line":35,"column":61}},"type":"binary-expr","locations":[{"start":{"line":35,"column":18},"end":{"line":35,"column":32}},{"start":{"line":35,"column":36},"end":{"line":35,"column":61}}]},"1":{"loc":{"start":{"line":37,"column":16},"end":{"line":37,"column":52}},"type":"binary-expr","locations":[{"start":{"line":37,"column":16},"end":{"line":37,"column":28}},{"start":{"line":37,"column":32},"end":{"line":37,"column":52}}]},"2":{"loc":{"start":{"line":38,"column":17},"end":{"line":38,"column":35}},"type":"binary-expr","locations":[{"start":{"line":38,"column":17},"end":{"line":38,"column":30}},{"start":{"line":38,"column":34},"end":{"line":38,"column":35}}]},"3":{"loc":{"start":{"line":40,"column":26},"end":{"line":40,"column":54}},"type":"binary-expr","locations":[{"start":{"line":40,"column":26},"end":{"line":40,"column":48}},{"start":{"line":40,"column":52},"end":{"line":40,"column":54}}]},"4":{"loc":{"start":{"line":60,"column":34},"end":{"line":60,"column":57}},"type":"binary-expr","locations":[{"start":{"line":60,"column":34},"end":{"line":60,"column":51}},{"start":{"line":60,"column":55},"end":{"line":60,"column":57}}]},"5":{"loc":{"start":{"line":61,"column":35},"end":{"line":61,"column":64}},"type":"binary-expr","locations":[{"start":{"line":61,"column":35},"end":{"line":61,"column":58}},{"start":{"line":61,"column":62},"end":{"line":61,"column":64}}]},"6":{"loc":{"start":{"line":69,"column":30},"end":{"line":69,"column":88}},"type":"cond-expr","locations":[{"start":{"line":69,"column":59},"end":{"line":69,"column":68}},{"start":{"line":69,"column":71},"end":{"line":69,"column":88}}]},"7":{"loc":{"start":{"line":71,"column":28},"end":{"line":71,"column":90}},"type":"cond-expr","locations":[{"start":{"line":71,"column":59},"end":{"line":71,"column":68}},{"start":{"line":71,"column":71},"end":{"line":71,"column":90}}]},"8":{"loc":{"start":{"line":73,"column":28},"end":{"line":73,"column":48}},"type":"binary-expr","locations":[{"start":{"line":73,"column":28},"end":{"line":73,"column":42}},{"start":{"line":73,"column":46},"end":{"line":73,"column":48}}]},"9":{"loc":{"start":{"line":91,"column":27},"end":{"line":91,"column":66}},"type":"binary-expr","locations":[{"start":{"line":91,"column":27},"end":{"line":91,"column":42}},{"start":{"line":91,"column":46},"end":{"line":91,"column":66}}]},"10":{"loc":{"start":{"line":153,"column":4},"end":{"line":172,"column":null}},"type":"if","locations":[{"start":{"line":153,"column":4},"end":{"line":172,"column":null}},{"start":{"line":169,"column":9},"end":{"line":172,"column":null}}]}},"s":{"0":2,"1":2,"2":2,"3":2,"4":2,"5":2,"6":2,"7":2,"8":2,"9":2,"10":2,"11":0,"12":0,"13":0,"14":0,"15":0,"16":0,"17":0,"18":0,"19":0,"20":0,"21":2,"22":2,"23":2,"24":2,"25":2,"26":2,"27":1,"28":1,"29":1,"30":1,"31":1,"32":1,"33":2,"34":2,"35":2,"36":2,"37":2,"38":1,"39":1,"40":1,"41":1,"42":1,"43":1,"44":1,"45":1,"46":2,"47":2,"48":1,"49":1,"50":1,"51":2,"52":2,"53":1,"54":1,"55":1,"56":0,"57":0,"58":0,"59":0,"60":0,"61":0,"62":0,"63":0,"64":0,"65":0,"66":0,"67":0,"68":0,"69":2,"70":0},"f":{"0":2,"1":2,"2":0,"3":0,"4":2,"5":1,"6":2,"7":2,"8":2,"9":0,"10":0,"11":0},"b":{"0":[0,0],"1":[0,0],"2":[0,0],"3":[0,0],"4":[2,1],"5":[2,1],"6":[1,0],"7":[1,0],"8":[1,0],"9":[2,1],"10":[0,0]}}
,"/home/mjrw/workNode/RibMan/nodejs-server/src/controllers/adminController.ts": {"path":"/home/mjrw/workNode/RibMan/nodejs-server/src/controllers/adminController.ts","statementMap":{"0":{"start":{"line":1,"column":0},"end":{"line":1,"column":35}},"1":{"start":{"line":2,"column":0},"end":{"line":2,"column":49}},"2":{"start":{"line":4,"column":0},"end":{"line":4,"column":41}},"3":{"start":{"line":5,"column":0},"end":{"line":5,"column":48}},"4":{"start":{"line":6,"column":0},"end":{"line":6,"column":31}},"5":{"start":{"line":31,"column":8},"end":{"line":31,"column":43}},"6":{"start":{"line":32,"column":8},"end":{"line":32,"column":51}},"7":{"start":{"line":34,"column":8},"end":{"line":34,"column":53}},"8":{"start":{"line":39,"column":8},"end":{"line":39,"column":48}},"9":{"start":{"line":40,"column":8},"end":{"line":40,"column":67}},"10":{"start":{"line":44,"column":8},"end":{"line":50,"column":null}},"11":{"start":{"line":45,"column":12},"end":{"line":45,"column":55}},"12":{"start":{"line":46,"column":12},"end":{"line":46,"column":81}},"13":{"start":{"line":48,"column":12},"end":{"line":48,"column":62}},"14":{"start":{"line":49,"column":12},"end":{"line":49,"column":74}},"15":{"start":{"line":54,"column":8},"end":{"line":54,"column":42}},"16":{"start":{"line":55,"column":8},"end":{"line":55,"column":51}},"17":{"start":{"line":57,"column":8},"end":{"line":57,"column":52}},"18":{"start":{"line":61,"column":8},"end":{"line":90,"column":null}},"19":{"start":{"line":63,"column":25},"end":{"line":63,"column":58}},"20":{"start":{"line":64,"column":28},"end":{"line":64,"column":30}},"21":{"start":{"line":65,"column":28},"end":{"line":65,"column":149}},"22":{"start":{"line":66,"column":12},"end":{"line":66,"column":44}},"23":{"start":{"line":67,"column":12},"end":{"line":80,"column":null}},"24":{"start":{"line":68,"column":50},"end":{"line":68,"column":122}},"25":{"start":{"line":69,"column":49},"end":{"line":69,"column":119}},"26":{"start":{"line":70,"column":28},"end":{"line":78,"column":18}},"27":{"start":{"line":71,"column":20},"end":{"line":73,"column":null}},"28":{"start":{"line":72,"column":24},"end":{"line":72,"column":84}},"29":{"start":{"line":74,"column":20},"end":{"line":76,"column":null}},"30":{"start":{"line":75,"column":24},"end":{"line":75,"column":83}},"31":{"start":{"line":77,"column":20},"end":{"line":77,"column":80}},"32":{"start":{"line":79,"column":16},"end":{"line":79,"column":44}},"33":{"start":{"line":81,"column":12},"end":{"line":81,"column":54}},"34":{"start":{"line":82,"column":12},"end":{"line":84,"column":42}},"35":{"start":{"line":85,"column":12},"end":{"line":85,"column":22}},"36":{"start":{"line":86,"column":12},"end":{"line":86,"column":61}},"37":{"start":{"line":89,"column":12},"end":{"line":89,"column":69}},"38":{"start":{"line":94,"column":8},"end":{"line":101,"column":null}},"39":{"start":{"line":95,"column":12},"end":{"line":95,"column":51}},"40":{"start":{"line":97,"column":12},"end":{"line":97,"column":76}},"41":{"start":{"line":99,"column":12},"end":{"line":99,"column":58}},"42":{"start":{"line":100,"column":12},"end":{"line":100,"column":55}},"43":{"start":{"line":103,"column":8},"end":{"line":103,"column":51}},"44":{"start":{"line":105,"column":8},"end":{"line":105,"column":112}},"45":{"start":{"line":110,"column":36},"end":{"line":110,"column":44}},"46":{"start":{"line":111,"column":8},"end":{"line":127,"column":null}},"47":{"start":{"line":112,"column":26},"end":{"line":112,"column":77}},"48":{"start":{"line":113,"column":28},"end":{"line":113,"column":68}},"49":{"start":{"line":114,"column":12},"end":{"line":123,"column":null}},"50":{"start":{"line":116,"column":39},"end":{"line":118,"column":18}},"51":{"start":{"line":119,"column":16},"end":{"line":119,"column":117}},"52":{"start":{"line":120,"column":16},"end":{"line":120,"column":39}},"53":{"start":{"line":122,"column":16},"end":{"line":122,"column":76}},"54":{"start":{"line":125,"column":12},"end":{"line":125,"column":62}},"55":{"start":{"line":126,"column":12},"end":{"line":126,"column":72}},"56":{"start":{"line":131,"column":8},"end":{"line":131,"column":47}},"57":{"start":{"line":132,"column":8},"end":{"line":132,"column":51}},"58":{"start":{"line":134,"column":8},"end":{"line":134,"column":53}},"59":{"start":{"line":138,"column":34},"end":{"line":138,"column":72}},"60":{"start":{"line":139,"column":22},"end":{"line":139,"column":81}},"61":{"start":{"line":141,"column":8},"end":{"line":141,"column":51}},"62":{"start":{"line":143,"column":8},"end":{"line":143,"column":113}},"63":{"start":{"line":147,"column":36},"end":{"line":147,"column":44}},"64":{"start":{"line":148,"column":8},"end":{"line":161,"column":null}},"65":{"start":{"line":149,"column":26},"end":{"line":149,"column":77}},"66":{"start":{"line":150,"column":12},"end":{"line":157,"column":null}},"67":{"start":{"line":152,"column":16},"end":{"line":152,"column":50}},"68":{"start":{"line":153,"column":16},"end":{"line":153,"column":68}},"69":{"start":{"line":154,"column":16},"end":{"line":154,"column":83}},"70":{"start":{"line":156,"column":16},"end":{"line":156,"column":67}},"71":{"start":{"line":159,"column":12},"end":{"line":159,"column":61}},"72":{"start":{"line":160,"column":12},"end":{"line":160,"column":69}},"73":{"start":{"line":167,"column":8},"end":{"line":196,"column":null}},"74":{"start":{"line":169,"column":12},"end":{"line":173,"column":null}},"75":{"start":{"line":170,"column":16},"end":{"line":170,"column":46}},"76":{"start":{"line":171,"column":16},"end":{"line":171,"column":85}},"77":{"start":{"line":172,"column":16},"end":{"line":172,"column":23}},"78":{"start":{"line":174,"column":28},"end":{"line":174,"column":61}},"79":{"start":{"line":176,"column":26},"end":{"line":176,"column":80}},"80":{"start":{"line":176,"column":61},"end":{"line":176,"column":79}},"81":{"start":{"line":178,"column":27},"end":{"line":178,"column":65}},"82":{"start":{"line":178,"column":56},"end":{"line":178,"column":64}},"83":{"start":{"line":180,"column":12},"end":{"line":189,"column":null}},"84":{"start":{"line":180,"column":25},"end":{"line":180,"column":26}},"85":{"start":{"line":181,"column":31},"end":{"line":181,"column":69}},"86":{"start":{"line":181,"column":60},"end":{"line":181,"column":68}},"87":{"start":{"line":182,"column":16},"end":{"line":182,"column":62}},"88":{"start":{"line":182,"column":53},"end":{"line":182,"column":62}},"89":{"start":{"line":184,"column":43},"end":{"line":184,"column":89}},"90":{"start":{"line":184,"column":73},"end":{"line":184,"column":88}},"91":{"start":{"line":186,"column":31},"end":{"line":186,"column":92}},"92":{"start":{"line":188,"column":16},"end":{"line":188,"column":59}},"93":{"start":{"line":191,"column":12},"end":{"line":191,"column":77}},"94":{"start":{"line":194,"column":12},"end":{"line":194,"column":59}},"95":{"start":{"line":195,"column":12},"end":{"line":195,"column":70}},"96":{"start":{"line":24,"column":0},"end":{"line":24,"column":13}},"97":{"start":{"line":201,"column":13},"end":{"line":201,"column":53}}},"fnMap":{"0":{"name":"(anonymous_8)","decl":{"start":{"line":26,"column":4},"end":{"line":26,"column":null}},"loc":{"start":{"line":26,"column":4},"end":{"line":28,"column":5}}},"1":{"name":"(anonymous_9)","decl":{"start":{"line":30,"column":11},"end":{"line":30,"column":21}},"loc":{"start":{"line":30,"column":49},"end":{"line":35,"column":5}}},"2":{"name":"(anonymous_10)","decl":{"start":{"line":37,"column":17},"end":{"line":37,"column":32}},"loc":{"start":{"line":37,"column":60},"end":{"line":41,"column":null}}},"3":{"name":"(anonymous_12)","decl":{"start":{"line":43,"column":10},"end":{"line":43,"column":24}},"loc":{"start":{"line":43,"column":52},"end":{"line":51,"column":null}}},"4":{"name":"(anonymous_14)","decl":{"start":{"line":53,"column":11},"end":{"line":53,"column":18}},"loc":{"start":{"line":53,"column":46},"end":{"line":58,"column":5}}},"5":{"name":"(anonymous_15)","decl":{"start":{"line":60,"column":17},"end":{"line":60,"column":30}},"loc":{"start":{"line":60,"column":58},"end":{"line":91,"column":null}}},"6":{"name":"(anonymous_17)","decl":{"start":{"line":70,"column":40},"end":{"line":70,"column":41}},"loc":{"start":{"line":70,"column":44},"end":{"line":78,"column":17}}},"7":{"name":"(anonymous_18)","decl":{"start":{"line":93,"column":17},"end":{"line":93,"column":26}},"loc":{"start":{"line":93,"column":54},"end":{"line":106,"column":null}}},"8":{"name":"(anonymous_20)","decl":{"start":{"line":109,"column":17},"end":{"line":109,"column":22}},"loc":{"start":{"line":109,"column":50},"end":{"line":128,"column":null}}},"9":{"name":"(anonymous_22)","decl":{"start":{"line":130,"column":11},"end":{"line":130,"column":23}},"loc":{"start":{"line":130,"column":51},"end":{"line":135,"column":5}}},"10":{"name":"(anonymous_23)","decl":{"start":{"line":136,"column":17},"end":{"line":136,"column":35}},"loc":{"start":{"line":136,"column":63},"end":{"line":144,"column":null}}},"11":{"name":"(anonymous_25)","decl":{"start":{"line":146,"column":17},"end":{"line":146,"column":33}},"loc":{"start":{"line":146,"column":61},"end":{"line":162,"column":null}}},"12":{"name":"(anonymous_27)","decl":{"start":{"line":166,"column":17},"end":{"line":166,"column":28}},"loc":{"start":{"line":166,"column":62},"end":{"line":197,"column":null}}},"13":{"name":"(anonymous_29)","decl":{"start":{"line":176,"column":53},"end":{"line":176,"column":57}},"loc":{"start":{"line":176,"column":61},"end":{"line":176,"column":79}}},"14":{"name":"(anonymous_30)","decl":{"start":{"line":178,"column":51},"end":{"line":178,"column":52}},"loc":{"start":{"line":178,"column":56},"end":{"line":178,"column":64}}},"15":{"name":"(anonymous_31)","decl":{"start":{"line":181,"column":55},"end":{"line":181,"column":56}},"loc":{"start":{"line":181,"column":60},"end":{"line":181,"column":68}}},"16":{"name":"(anonymous_32)","decl":{"start":{"line":184,"column":68},"end":{"line":184,"column":69}},"loc":{"start":{"line":184,"column":73},"end":{"line":184,"column":88}}}},"branchMap":{"0":{"loc":{"start":{"line":68,"column":50},"end":{"line":68,"column":122}},"type":"cond-expr","locations":[{"start":{"line":68,"column":73},"end":{"line":68,"column":117}},{"start":{"line":68,"column":120},"end":{"line":68,"column":122}}]},"1":{"loc":{"start":{"line":69,"column":49},"end":{"line":69,"column":119}},"type":"cond-expr","locations":[{"start":{"line":69,"column":71},"end":{"line":69,"column":114}},{"start":{"line":69,"column":117},"end":{"line":69,"column":119}}]},"2":{"loc":{"start":{"line":71,"column":20},"end":{"line":73,"column":null}},"type":"if","locations":[{"start":{"line":71,"column":20},"end":{"line":73,"column":null}},{"start":{},"end":{}}]},"3":{"loc":{"start":{"line":74,"column":20},"end":{"line":76,"column":null}},"type":"if","locations":[{"start":{"line":74,"column":20},"end":{"line":76,"column":null}},{"start":{},"end":{}}]},"4":{"loc":{"start":{"line":77,"column":32},"end":{"line":77,"column":44}},"type":"cond-expr","locations":[{"start":{"line":77,"column":38},"end":{"line":77,"column":42}},{"start":{"line":77,"column":42},"end":{"line":77,"column":44}}]},"5":{"loc":{"start":{"line":77,"column":32},"end":{"line":77,"column":42}},"type":"binary-expr","locations":[{"start":{"line":77,"column":32},"end":{"line":77,"column":42}},{"start":{"line":77,"column":38},"end":{"line":77,"column":42}}]},"6":{"loc":{"start":{"line":113,"column":34},"end":{"line":113,"column":67}},"type":"cond-expr","locations":[{"start":{"line":113,"column":39},"end":{"line":113,"column":41}},{"start":{"line":113,"column":34},"end":{"line":113,"column":67}}]},"7":{"loc":{"start":{"line":113,"column":34},"end":{"line":113,"column":41}},"type":"binary-expr","locations":[{"start":{"line":113,"column":34},"end":{"line":113,"column":41}},{"start":{"line":113,"column":34},"end":{"line":113,"column":41}}]},"8":{"loc":{"start":{"line":114,"column":12},"end":{"line":123,"column":null}},"type":"if","locations":[{"start":{"line":114,"column":12},"end":{"line":123,"column":null}},{"start":{"line":121,"column":19},"end":{"line":123,"column":null}}]},"9":{"loc":{"start":{"line":150,"column":12},"end":{"line":157,"column":null}},"type":"if","locations":[{"start":{"line":150,"column":12},"end":{"line":157,"column":null}},{"start":{"line":155,"column":19},"end":{"line":157,"column":null}}]},"10":{"loc":{"start":{"line":169,"column":12},"end":{"line":173,"column":null}},"type":"if","locations":[{"start":{"line":169,"column":12},"end":{"line":173,"column":null}},{"start":{},"end":{}}]},"11":{"loc":{"start":{"line":182,"column":16},"end":{"line":182,"column":62}},"type":"if","locations":[{"start":{"line":182,"column":16},"end":{"line":182,"column":62}},{"start":{},"end":{}}]}},"s":{"0":1,"1":1,"2":1,"3":1,"4":1,"5":0,"6":0,"7":0,"8":1,"9":1,"10":0,"11":0,"12":0,"13":0,"14":0,"15":0,"16":0,"17":0,"18":0,"19":0,"20":0,"21":0,"22":0,"23":0,"24":0,"25":0,"26":0,"27":0,"28":0,"29":0,"30":0,"31":0,"32":0,"33":0,"34":0,"35":0,"36":0,"37":0,"38":0,"39":0,"40":0,"41":0,"42":0,"43":0,"44":0,"45":0,"46":0,"47":0,"48":0,"49":0,"50":0,"51":0,"52":0,"53":0,"54":0,"55":0,"56":0,"57":0,"58":0,"59":0,"60":0,"61":0,"62":0,"63":0,"64":0,"65":0,"66":0,"67":0,"68":0,"69":0,"70":0,"71":0,"72":0,"73":0,"74":0,"75":0,"76":0,"77":0,"78":0,"79":0,"80":0,"81":0,"82":0,"83":0,"84":0,"85":0,"86":0,"87":0,"88":0,"89":0,"90":0,"91":0,"92":0,"93":0,"94":0,"95":0,"96":1,"97":1},"f":{"0":2,"1":0,"2":1,"3":0,"4":0,"5":0,"6":0,"7":0,"8":0,"9":0,"10":0,"11":0,"12":0,"13":0,"14":0,"15":0,"16":0},"b":{"0":[0,0],"1":[0,0],"2":[0,0],"3":[0,0],"4":[0,0],"5":[0,0],"6":[0,0],"7":[0,0],"8":[0,0],"9":[0,0],"10":[0,0],"11":[0,0]}}
,"/home/mjrw/workNode/RibMan/nodejs-server/src/model/AdminPerson.ts": {"path":"/home/mjrw/workNode/RibMan/nodejs-server/src/model/AdminPerson.ts","statementMap":{"0":{"start":{"line":1,"column":0},"end":{"line":1,"column":33}},"1":{"start":{"line":16,"column":8},"end":{"line":16,"column":43}},"2":{"start":{"line":17,"column":8},"end":{"line":17,"column":35}},"3":{"start":{"line":18,"column":8},"end":{"line":18,"column":33}},"4":{"start":{"line":23,"column":8},"end":{"line":23,"column":45}},"5":{"start":{"line":27,"column":21},"end":{"line":27,"column":59}},"6":{"start":{"line":28,"column":21},"end":{"line":33,"column":10}},"7":{"start":{"line":29,"column":12},"end":{"line":32,"column":15}},"8":{"start":{"line":30,"column":16},"end":{"line":31,"column":70}},"9":{"start":{"line":30,"column":25},"end":{"line":30,"column":37}},"10":{"start":{"line":31,"column":21},"end":{"line":31,"column":70}},"11":{"start":{"line":34,"column":8},"end":{"line":34,"column":33}},"12":{"start":{"line":38,"column":8},"end":{"line":38,"column":45}},"13":{"start":{"line":38,"column":32},"end":{"line":38,"column":45}},"14":{"start":{"line":39,"column":28},"end":{"line":39,"column":56}},"15":{"start":{"line":40,"column":27},"end":{"line":46,"column":10}},"16":{"start":{"line":41,"column":12},"end":{"line":45,"column":15}},"17":{"start":{"line":42,"column":16},"end":{"line":42,"column":75}},"18":{"start":{"line":43,"column":16},"end":{"line":44,"column":57}},"19":{"start":{"line":43,"column":25},"end":{"line":43,"column":37}},"20":{"start":{"line":44,"column":21},"end":{"line":44,"column":57}},"21":{"start":{"line":47,"column":8},"end":{"line":47,"column":34}},"22":{"start":{"line":58,"column":8},"end":{"line":63,"column":10}},"23":{"start":{"line":73,"column":23},"end":{"line":76,"column":null}},"24":{"start":{"line":79,"column":8},"end":{"line":79,"column":48}},"25":{"start":{"line":80,"column":8},"end":{"line":80,"column":22}},"26":{"start":{"line":4,"column":0},"end":{"line":4,"column":13}}},"fnMap":{"0":{"name":"(anonymous_13)","decl":{"start":{"line":10,"column":4},"end":{"line":10,"column":null}},"loc":{"start":{"line":13,"column":24},"end":{"line":20,"column":5}}},"1":{"name":"(anonymous_14)","decl":{"start":{"line":22,"column":10},"end":{"line":22,"column":21}},"loc":{"start":{"line":22,"column":38},"end":{"line":24,"column":null}}},"2":{"name":"(anonymous_16)","decl":{"start":{"line":26,"column":18},"end":{"line":26,"column":33}},"loc":{"start":{"line":26,"column":50},"end":{"line":35,"column":null}}},"3":{"name":"(anonymous_18)","decl":{"start":{"line":28,"column":47},"end":{"line":28,"column":48}},"loc":{"start":{"line":28,"column":67},"end":{"line":33,"column":9}}},"4":{"name":"(anonymous_19)","decl":{"start":{"line":29,"column":46},"end":{"line":29,"column":47}},"loc":{"start":{"line":29,"column":66},"end":{"line":32,"column":13}}},"5":{"name":"(anonymous_20)","decl":{"start":{"line":37,"column":10},"end":{"line":37,"column":26}},"loc":{"start":{"line":37,"column":43},"end":{"line":48,"column":null}}},"6":{"name":"(anonymous_22)","decl":{"start":{"line":40,"column":53},"end":{"line":40,"column":54}},"loc":{"start":{"line":40,"column":73},"end":{"line":46,"column":9}}},"7":{"name":"(anonymous_23)","decl":{"start":{"line":41,"column":46},"end":{"line":41,"column":47}},"loc":{"start":{"line":41,"column":66},"end":{"line":45,"column":13}}},"8":{"name":"(anonymous_24)","decl":{"start":{"line":52,"column":4},"end":{"line":52,"column":10}},"loc":{"start":{"line":52,"column":10},"end":{"line":64,"column":5}}},"9":{"name":"(anonymous_25)","decl":{"start":{"line":67,"column":4},"end":{"line":67,"column":10}},"loc":{"start":{"line":72,"column":5},"end":{"line":81,"column":5}}}},"branchMap":{"0":{"loc":{"start":{"line":30,"column":16},"end":{"line":31,"column":70}},"type":"if","locations":[{"start":{"line":30,"column":16},"end":{"line":31,"column":70}},{"start":{"line":31,"column":21},"end":{"line":31,"column":70}}]},"1":{"loc":{"start":{"line":38,"column":8},"end":{"line":38,"column":45}},"type":"if","locations":[{"start":{"line":38,"column":8},"end":{"line":38,"column":45}},{"start":{},"end":{}}]},"2":{"loc":{"start":{"line":43,"column":16},"end":{"line":44,"column":57}},"type":"if","locations":[{"start":{"line":43,"column":16},"end":{"line":44,"column":57}},{"start":{"line":44,"column":21},"end":{"line":44,"column":57}}]}},"s":{"0":5,"1":0,"2":0,"3":0,"4":0,"5":0,"6":0,"7":0,"8":0,"9":0,"10":0,"11":0,"12":0,"13":0,"14":0,"15":0,"16":0,"17":0,"18":0,"19":0,"20":0,"21":0,"22":0,"23":0,"24":0,"25":0,"26":5},"f":{"0":0,"1":0,"2":0,"3":0,"4":0,"5":0,"6":0,"7":0,"8":0,"9":0},"b":{"0":[0,0],"1":[0,0],"2":[0,0]}}
,"/home/mjrw/workNode/RibMan/nodejs-server/src/model/AdminPersonManager.ts": {"path":"/home/mjrw/workNode/RibMan/nodejs-server/src/model/AdminPersonManager.ts","statementMap":{"0":{"start":{"line":5,"column":0},"end":{"line":5,"column":71}},"1":{"start":{"line":6,"column":0},"end":{"line":6,"column":102}},"2":{"start":{"line":7,"column":0},"end":{"line":7,"column":53}},"3":{"start":{"line":8,"column":0},"end":{"line":8,"column":44}},"4":{"start":{"line":9,"column":0},"end":{"line":9,"column":34}},"5":{"start":{"line":10,"column":0},"end":{"line":10,"column":45}},"6":{"start":{"line":12,"column":19},"end":{"line":12,"column":54}},"7":{"start":{"line":13,"column":15},"end":{"line":13,"column":49}},"8":{"start":{"line":18,"column":12},"end":{"line":18,"column":60}},"9":{"start":{"line":20,"column":12},"end":{"line":20,"column":68}},"10":{"start":{"line":23,"column":24},"end":{"line":26,"column":10}},"11":{"start":{"line":28,"column":8},"end":{"line":39,"column":null}},"12":{"start":{"line":29,"column":29},"end":{"line":29,"column":66}},"13":{"start":{"line":30,"column":12},"end":{"line":30,"column":61}},"14":{"start":{"line":31,"column":12},"end":{"line":34,"column":null}},"15":{"start":{"line":33,"column":16},"end":{"line":33,"column":74}},"16":{"start":{"line":35,"column":12},"end":{"line":35,"column":24}},"17":{"start":{"line":37,"column":12},"end":{"line":37,"column":73}},"18":{"start":{"line":38,"column":12},"end":{"line":38,"column":22}},"19":{"start":{"line":45,"column":8},"end":{"line":48,"column":null}},"20":{"start":{"line":46,"column":12},"end":{"line":46,"column":83}},"21":{"start":{"line":47,"column":12},"end":{"line":47,"column":53}},"22":{"start":{"line":50,"column":24},"end":{"line":53,"column":10}},"23":{"start":{"line":55,"column":8},"end":{"line":61,"column":null}},"24":{"start":{"line":56,"column":12},"end":{"line":56,"column":50}},"25":{"start":{"line":57,"column":12},"end":{"line":57,"column":91}},"26":{"start":{"line":59,"column":12},"end":{"line":59,"column":90}},"27":{"start":{"line":60,"column":12},"end":{"line":60,"column":22}},"28":{"start":{"line":66,"column":24},"end":{"line":68,"column":10}},"29":{"start":{"line":70,"column":8},"end":{"line":80,"column":null}},"30":{"start":{"line":71,"column":29},"end":{"line":71,"column":66}},"31":{"start":{"line":72,"column":12},"end":{"line":74,"column":null}},"32":{"start":{"line":73,"column":16},"end":{"line":73,"column":26}},"33":{"start":{"line":75,"column":12},"end":{"line":75,"column":101}},"34":{"start":{"line":75,"column":46},"end":{"line":75,"column":99}},"35":{"start":{"line":78,"column":12},"end":{"line":78,"column":71}},"36":{"start":{"line":79,"column":12},"end":{"line":79,"column":22}},"37":{"start":{"line":85,"column":24},"end":{"line":88,"column":10}},"38":{"start":{"line":89,"column":8},"end":{"line":95,"column":null}},"39":{"start":{"line":90,"column":12},"end":{"line":90,"column":50}},"40":{"start":{"line":91,"column":12},"end":{"line":91,"column":89}},"41":{"start":{"line":93,"column":12},"end":{"line":93,"column":85}},"42":{"start":{"line":94,"column":12},"end":{"line":94,"column":22}},"43":{"start":{"line":16,"column":0},"end":{"line":16,"column":13}},"44":{"start":{"line":101,"column":13},"end":{"line":101,"column":59}}},"fnMap":{"0":{"name":"(anonymous_7)","decl":{"start":{"line":16,"column":0},"end":{"line":16,"column":13}},"loc":{"start":{"line":16,"column":0},"end":{"line":100,"column":1}}},"1":{"name":"(anonymous_8)","decl":{"start":{"line":22,"column":10},"end":{"line":22,"column":25}},"loc":{"start":{"line":22,"column":39},"end":{"line":40,"column":null}}},"2":{"name":"(anonymous_10)","decl":{"start":{"line":44,"column":10},"end":{"line":44,"column":25}},"loc":{"start":{"line":44,"column":45},"end":{"line":62,"column":null}}},"3":{"name":"(anonymous_12)","decl":{"start":{"line":65,"column":10},"end":{"line":65,"column":23}},"loc":{"start":{"line":65,"column":23},"end":{"line":81,"column":null}}},"4":{"name":"(anonymous_14)","decl":{"start":{"line":75,"column":38},"end":{"line":75,"column":42}},"loc":{"start":{"line":75,"column":46},"end":{"line":75,"column":99}}},"5":{"name":"(anonymous_15)","decl":{"start":{"line":84,"column":10},"end":{"line":84,"column":22}},"loc":{"start":{"line":84,"column":44},"end":{"line":96,"column":null}}}},"branchMap":{"0":{"loc":{"start":{"line":31,"column":12},"end":{"line":34,"column":null}},"type":"if","locations":[{"start":{"line":31,"column":12},"end":{"line":34,"column":null}},{"start":{},"end":{}}]},"1":{"loc":{"start":{"line":45,"column":8},"end":{"line":48,"column":null}},"type":"if","locations":[{"start":{"line":45,"column":8},"end":{"line":48,"column":null}},{"start":{},"end":{}}]},"2":{"loc":{"start":{"line":45,"column":12},"end":{"line":45,"column":58}},"type":"binary-expr","locations":[{"start":{"line":45,"column":12},"end":{"line":45,"column":19}},{"start":{"line":45,"column":23},"end":{"line":45,"column":58}}]},"3":{"loc":{"start":{"line":72,"column":12},"end":{"line":74,"column":null}},"type":"if","locations":[{"start":{"line":72,"column":12},"end":{"line":74,"column":null}},{"start":{},"end":{}}]}},"s":{"0":4,"1":4,"2":4,"3":4,"4":4,"5":4,"6":4,"7":4,"8":6,"9":6,"10":0,"11":0,"12":0,"13":0,"14":0,"15":0,"16":0,"17":0,"18":0,"19":0,"20":0,"21":0,"22":0,"23":0,"24":0,"25":0,"26":0,"27":0,"28":0,"29":0,"30":0,"31":0,"32":0,"33":0,"34":0,"35":0,"36":0,"37":0,"38":0,"39":0,"40":0,"41":0,"42":0,"43":4,"44":4},"f":{"0":6,"1":0,"2":0,"3":0,"4":0,"5":0},"b":{"0":[0,0],"1":[0,0],"2":[0,0],"3":[0,0]}}
,"/home/mjrw/workNode/RibMan/nodejs-server/src/model/Boat.ts": {"path":"/home/mjrw/workNode/RibMan/nodejs-server/src/model/Boat.ts","statementMap":{"0":{"start":{"line":5,"column":4},"end":{"line":5,"column":20}},"1":{"start":{"line":6,"column":4},"end":{"line":6,"column":22}},"2":{"start":{"line":7,"column":4},"end":{"line":7,"column":32}},"3":{"start":{"line":8,"column":4},"end":{"line":8,"column":39}},"4":{"start":{"line":9,"column":4},"end":{"line":9,"column":43}},"5":{"start":{"line":10,"column":4},"end":{"line":10,"column":39}},"6":{"start":{"line":11,"column":4},"end":{"line":11,"column":38}},"7":{"start":{"line":12,"column":4},"end":{"line":12,"column":41}},"8":{"start":{"line":14,"column":8},"end":{"line":14,"column":21}},"9":{"start":{"line":15,"column":8},"end":{"line":15,"column":25}},"10":{"start":{"line":16,"column":8},"end":{"line":16,"column":39}},"11":{"start":{"line":17,"column":8},"end":{"line":17,"column":109}},"12":{"start":{"line":18,"column":8},"end":{"line":18,"column":49}},"13":{"start":{"line":19,"column":8},"end":{"line":19,"column":49}},"14":{"start":{"line":20,"column":8},"end":{"line":20,"column":47}},"15":{"start":{"line":21,"column":8},"end":{"line":21,"column":53}},"16":{"start":{"line":27,"column":8},"end":{"line":27,"column":89}},"17":{"start":{"line":31,"column":8},"end":{"line":40,"column":10}},"18":{"start":{"line":54,"column":21},"end":{"line":61,"column":null}},"19":{"start":{"line":63,"column":8},"end":{"line":63,"column":20}},"20":{"start":{"line":4,"column":0},"end":{"line":4,"column":13}}},"fnMap":{"0":{"name":"(anonymous_0)","decl":{"start":{"line":13,"column":4},"end":{"line":13,"column":16}},"loc":{"start":{"line":13,"column":190},"end":{"line":22,"column":5}}},"1":{"name":"(anonymous_1)","decl":{"start":{"line":26,"column":4},"end":{"line":26,"column":12}},"loc":{"start":{"line":26,"column":12},"end":{"line":28,"column":5}}},"2":{"name":"(anonymous_2)","decl":{"start":{"line":30,"column":4},"end":{"line":30,"column":10}},"loc":{"start":{"line":30,"column":10},"end":{"line":41,"column":7}}},"3":{"name":"(anonymous_3)","decl":{"start":{"line":44,"column":4},"end":{"line":44,"column":10}},"loc":{"start":{"line":53,"column":5},"end":{"line":64,"column":5}}}},"branchMap":{"0":{"loc":{"start":{"line":13,"column":42},"end":{"line":13,"column":69}},"type":"default-arg","locations":[{"start":{"line":13,"column":65},"end":{"line":13,"column":69}}]},"1":{"loc":{"start":{"line":17,"column":32},"end":{"line":17,"column":108}},"type":"cond-expr","locations":[{"start":{"line":17,"column":48},"end":{"line":17,"column":100}},{"start":{"line":17,"column":104},"end":{"line":17,"column":108}}]},"2":{"loc":{"start":{"line":18,"column":28},"end":{"line":18,"column":48}},"type":"binary-expr","locations":[{"start":{"line":18,"column":28},"end":{"line":18,"column":40}},{"start":{"line":18,"column":44},"end":{"line":18,"column":48}}]},"3":{"loc":{"start":{"line":19,"column":28},"end":{"line":19,"column":48}},"type":"cond-expr","locations":[{"start":{"line":19,"column":28},"end":{"line":19,"column":40}},{"start":{"line":19,"column":44},"end":{"line":19,"column":48}}]},"4":{"loc":{"start":{"line":19,"column":28},"end":{"line":19,"column":44}},"type":"binary-expr","locations":[{"start":{"line":19,"column":28},"end":{"line":19,"column":44}},{"start":{"line":19,"column":28},"end":{"line":19,"column":44}}]},"5":{"loc":{"start":{"line":20,"column":27},"end":{"line":20,"column":46}},"type":"cond-expr","locations":[{"start":{"line":20,"column":27},"end":{"line":20,"column":38}},{"start":{"line":20,"column":42},"end":{"line":20,"column":46}}]},"6":{"loc":{"start":{"line":20,"column":27},"end":{"line":20,"column":42}},"type":"binary-expr","locations":[{"start":{"line":20,"column":27},"end":{"line":20,"column":42}},{"start":{"line":20,"column":27},"end":{"line":20,"column":42}}]},"7":{"loc":{"start":{"line":21,"column":30},"end":{"line":21,"column":52}},"type":"cond-expr","locations":[{"start":{"line":21,"column":30},"end":{"line":21,"column":44}},{"start":{"line":21,"column":48},"end":{"line":21,"column":52}}]},"8":{"loc":{"start":{"line":21,"column":30},"end":{"line":21,"column":48}},"type":"binary-expr","locations":[{"start":{"line":21,"column":30},"end":{"line":21,"column":48}},{"start":{"line":21,"column":30},"end":{"line":21,"column":48}}]},"9":{"loc":{"start":{"line":36,"column":28},"end":{"line":36,"column":55}},"type":"binary-expr","locations":[{"start":{"line":36,"column":28},"end":{"line":36,"column":49}},{"start":{"line":36,"column":53},"end":{"line":36,"column":55}}]},"10":{"loc":{"start":{"line":59,"column":12},"end":{"line":59,"column":37}},"type":"cond-expr","locations":[{"start":{"line":59,"column":29},"end":{"line":59,"column":33}},{"start":{"line":59,"column":33},"end":{"line":59,"column":37}}]},"11":{"loc":{"start":{"line":59,"column":12},"end":{"line":59,"column":33}},"type":"binary-expr","locations":[{"start":{"line":59,"column":12},"end":{"line":59,"column":33}},{"start":{"line":59,"column":29},"end":{"line":59,"column":33}}]},"12":{"loc":{"start":{"line":60,"column":12},"end":{"line":60,"column":36}},"type":"cond-expr","locations":[{"start":{"line":60,"column":28},"end":{"line":60,"column":32}},{"start":{"line":60,"column":32},"end":{"line":60,"column":36}}]},"13":{"loc":{"start":{"line":60,"column":12},"end":{"line":60,"column":32}},"type":"binary-expr","locations":[{"start":{"line":60,"column":12},"end":{"line":60,"column":32}},{"start":{"line":60,"column":28},"end":{"line":60,"column":32}}]},"14":{"loc":{"start":{"line":61,"column":12},"end":{"line":61,"column":39}},"type":"cond-expr","locations":[{"start":{"line":61,"column":31},"end":{"line":61,"column":35}},{"start":{"line":61,"column":35},"end":{"line":61,"column":39}}]},"15":{"loc":{"start":{"line":61,"column":12},"end":{"line":61,"column":35}},"type":"binary-expr","locations":[{"start":{"line":61,"column":12},"end":{"line":61,"column":35}},{"start":{"line":61,"column":31},"end":{"line":61,"column":35}}]}},"s":{"0":19,"1":19,"2":19,"3":19,"4":19,"5":19,"6":19,"7":19,"8":19,"9":19,"10":19,"11":19,"12":19,"13":19,"14":19,"15":19,"16":0,"17":0,"18":2,"19":2,"20":5},"f":{"0":19,"1":0,"2":0,"3":2},"b":{"0":[0],"1":[0,19],"2":[19,19],"3":[0,19],"4":[19,17],"5":[0,19],"6":[19,17],"7":[0,19],"8":[19,17],"9":[0,0],"10":[0,2],"11":[2,2],"12":[0,2],"13":[2,2],"14":[0,2],"15":[2,2]}}
,"/home/mjrw/workNode/RibMan/nodejs-server/src/model/BoatManager.ts": {"path":"/home/mjrw/workNode/RibMan/nodejs-server/src/model/BoatManager.ts","statementMap":{"0":{"start":{"line":1,"column":0},"end":{"line":1,"column":30}},"1":{"start":{"line":2,"column":0},"end":{"line":2,"column":null}},"2":{"start":{"line":6,"column":0},"end":{"line":6,"column":null}},"3":{"start":{"line":11,"column":0},"end":{"line":11,"column":34}},"4":{"start":{"line":12,"column":0},"end":{"line":12,"column":52}},"5":{"start":{"line":14,"column":0},"end":{"line":14,"column":45}},"6":{"start":{"line":17,"column":19},"end":{"line":17,"column":46}},"7":{"start":{"line":18,"column":15},"end":{"line":18,"column":49}},"8":{"start":{"line":36,"column":10},"end":{"line":36,"column":58}},"9":{"start":{"line":37,"column":10},"end":{"line":37,"column":66}},"10":{"start":{"line":41,"column":4},"end":{"line":44,"column":null}},"11":{"start":{"line":42,"column":6},"end":{"line":42,"column":71}},"12":{"start":{"line":43,"column":6},"end":{"line":43,"column":45}},"13":{"start":{"line":46,"column":20},"end":{"line":49,"column":6}},"14":{"start":{"line":51,"column":4},"end":{"line":68,"column":null}},"15":{"start":{"line":52,"column":6},"end":{"line":52,"column":44}},"16":{"start":{"line":53,"column":6},"end":{"line":53,"column":57}},"17":{"start":{"line":55,"column":6},"end":{"line":66,"column":null}},"18":{"start":{"line":56,"column":25},"end":{"line":56,"column":67}},"19":{"start":{"line":57,"column":8},"end":{"line":63,"column":null}},"20":{"start":{"line":58,"column":10},"end":{"line":58,"column":65}},"21":{"start":{"line":59,"column":15},"end":{"line":63,"column":null}},"22":{"start":{"line":60,"column":10},"end":{"line":60,"column":75}},"23":{"start":{"line":62,"column":10},"end":{"line":62,"column":51}},"24":{"start":{"line":65,"column":8},"end":{"line":65,"column":49}},"25":{"start":{"line":67,"column":6},"end":{"line":67,"column":16}},"26":{"start":{"line":74,"column":18},"end":{"line":74,"column":40}},"27":{"start":{"line":75,"column":4},"end":{"line":75,"column":59}},"28":{"start":{"line":75,"column":32},"end":{"line":75,"column":57}},"29":{"start":{"line":80,"column":18},"end":{"line":80,"column":40}},"30":{"start":{"line":81,"column":4},"end":{"line":81,"column":51}},"31":{"start":{"line":81,"column":32},"end":{"line":81,"column":49}},"32":{"start":{"line":86,"column":4},"end":{"line":89,"column":null}},"33":{"start":{"line":87,"column":6},"end":{"line":87,"column":71}},"34":{"start":{"line":88,"column":6},"end":{"line":88,"column":45}},"35":{"start":{"line":90,"column":4},"end":{"line":93,"column":null}},"36":{"start":{"line":91,"column":6},"end":{"line":91,"column":71}},"37":{"start":{"line":92,"column":6},"end":{"line":92,"column":45}},"38":{"start":{"line":94,"column":25},"end":{"line":94,"column":63}},"39":{"start":{"line":95,"column":4},"end":{"line":98,"column":null}},"40":{"start":{"line":96,"column":6},"end":{"line":96,"column":64}},"41":{"start":{"line":97,"column":6},"end":{"line":97,"column":66}},"42":{"start":{"line":99,"column":4},"end":{"line":102,"column":null}},"43":{"start":{"line":100,"column":6},"end":{"line":100,"column":83}},"44":{"start":{"line":101,"column":6},"end":{"line":101,"column":19}},"45":{"start":{"line":104,"column":4},"end":{"line":104,"column":37}},"46":{"start":{"line":105,"column":4},"end":{"line":105,"column":37}},"47":{"start":{"line":106,"column":4},"end":{"line":106,"column":41}},"48":{"start":{"line":107,"column":4},"end":{"line":107,"column":73}},"49":{"start":{"line":108,"column":4},"end":{"line":108,"column":53}},"50":{"start":{"line":109,"column":4},"end":{"line":109,"column":36}},"51":{"start":{"line":112,"column":4},"end":{"line":112,"column":38}},"52":{"start":{"line":113,"column":17},"end":{"line":113,"column":55}},"53":{"start":{"line":114,"column":4},"end":{"line":116,"column":null}},"54":{"start":{"line":115,"column":6},"end":{"line":115,"column":19}},"55":{"start":{"line":117,"column":4},"end":{"line":117,"column":16}},"56":{"start":{"line":121,"column":4},"end":{"line":123,"column":null}},"57":{"start":{"line":122,"column":6},"end":{"line":122,"column":23}},"58":{"start":{"line":125,"column":20},"end":{"line":128,"column":6}},"59":{"start":{"line":130,"column":4},"end":{"line":140,"column":null}},"60":{"start":{"line":131,"column":21},"end":{"line":131,"column":58}},"61":{"start":{"line":132,"column":6},"end":{"line":134,"column":null}},"62":{"start":{"line":133,"column":8},"end":{"line":133,"column":25}},"63":{"start":{"line":135,"column":6},"end":{"line":135,"column":66}},"64":{"start":{"line":136,"column":6},"end":{"line":136,"column":48}},"65":{"start":{"line":138,"column":6},"end":{"line":138,"column":67}},"66":{"start":{"line":139,"column":6},"end":{"line":139,"column":16}},"67":{"start":{"line":144,"column":20},"end":{"line":146,"column":6}},"68":{"start":{"line":148,"column":4},"end":{"line":170,"column":null}},"69":{"start":{"line":149,"column":21},"end":{"line":149,"column":58}},"70":{"start":{"line":150,"column":6},"end":{"line":150,"column":67}},"71":{"start":{"line":152,"column":6},"end":{"line":155,"column":null}},"72":{"start":{"line":153,"column":8},"end":{"line":153,"column":51}},"73":{"start":{"line":154,"column":8},"end":{"line":154,"column":18}},"74":{"start":{"line":157,"column":6},"end":{"line":157,"column":68}},"75":{"start":{"line":158,"column":6},"end":{"line":161,"column":null}},"76":{"start":{"line":159,"column":8},"end":{"line":159,"column":69}},"77":{"start":{"line":160,"column":8},"end":{"line":160,"column":18}},"78":{"start":{"line":162,"column":6},"end":{"line":165,"column":9}},"79":{"start":{"line":163,"column":29},"end":{"line":163,"column":45}},"80":{"start":{"line":164,"column":8},"end":{"line":164,"column":195}},"81":{"start":{"line":168,"column":6},"end":{"line":168,"column":51}},"82":{"start":{"line":169,"column":6},"end":{"line":169,"column":16}},"83":{"start":{"line":176,"column":4},"end":{"line":189,"column":null}},"84":{"start":{"line":177,"column":20},"end":{"line":177,"column":42}},"85":{"start":{"line":179,"column":6},"end":{"line":185,"column":null}},"86":{"start":{"line":180,"column":8},"end":{"line":184,"column":null}},"87":{"start":{"line":181,"column":10},"end":{"line":181,"column":34}},"88":{"start":{"line":182,"column":10},"end":{"line":182,"column":36}},"89":{"start":{"line":183,"column":10},"end":{"line":183,"column":56}},"90":{"start":{"line":187,"column":6},"end":{"line":187,"column":59}},"91":{"start":{"line":188,"column":6},"end":{"line":188,"column":16}},"92":{"start":{"line":20,"column":0},"end":{"line":20,"column":13}}},"fnMap":{"0":{"name":"(anonymous_7)","decl":{"start":{"line":20,"column":0},"end":{"line":20,"column":13}},"loc":{"start":{"line":20,"column":0},"end":{"line":192,"column":1}}},"1":{"name":"(anonymous_8)","decl":{"start":{"line":40,"column":8},"end":{"line":40,"column":16}},"loc":{"start":{"line":40,"column":27},"end":{"line":69,"column":null}}},"2":{"name":"(anonymous_10)","decl":{"start":{"line":72,"column":8},"end":{"line":72,"column":25}},"loc":{"start":{"line":72,"column":25},"end":{"line":76,"column":null}}},"3":{"name":"(anonymous_12)","decl":{"start":{"line":75,"column":24},"end":{"line":75,"column":28}},"loc":{"start":{"line":75,"column":32},"end":{"line":75,"column":57}}},"4":{"name":"(anonymous_13)","decl":{"start":{"line":78,"column":8},"end":{"line":78,"column":26}},"loc":{"start":{"line":78,"column":26},"end":{"line":82,"column":null}}},"5":{"name":"(anonymous_15)","decl":{"start":{"line":81,"column":24},"end":{"line":81,"column":28}},"loc":{"start":{"line":81,"column":32},"end":{"line":81,"column":49}}},"6":{"name":"(anonymous_16)","decl":{"start":{"line":84,"column":8},"end":{"line":84,"column":20}},"loc":{"start":{"line":84,"column":64},"end":{"line":118,"column":null}}},"7":{"name":"(anonymous_18)","decl":{"start":{"line":120,"column":8},"end":{"line":120,"column":21}},"loc":{"start":{"line":120,"column":34},"end":{"line":141,"column":null}}},"8":{"name":"(anonymous_20)","decl":{"start":{"line":143,"column":16},"end":{"line":143,"column":25}},"loc":{"start":{"line":143,"column":25},"end":{"line":171,"column":null}}},"9":{"name":"(anonymous_22)","decl":{"start":{"line":162,"column":38},"end":{"line":162,"column":39}},"loc":{"start":{"line":162,"column":47},"end":{"line":165,"column":7}}},"10":{"name":"(anonymous_23)","decl":{"start":{"line":175,"column":8},"end":{"line":175,"column":23}},"loc":{"start":{"line":175,"column":23},"end":{"line":190,"column":null}}}},"branchMap":{"0":{"loc":{"start":{"line":41,"column":4},"end":{"line":44,"column":null}},"type":"if","locations":[{"start":{"line":41,"column":4},"end":{"line":44,"column":null}},{"start":{},"end":{}}]},"1":{"loc":{"start":{"line":41,"column":8},"end":{"line":41,"column":50}},"type":"binary-expr","locations":[{"start":{"line":41,"column":8},"end":{"line":41,"column":13}},{"start":{"line":41,"column":17},"end":{"line":41,"column":50}}]},"2":{"loc":{"start":{"line":55,"column":6},"end":{"line":66,"column":null}},"type":"if","locations":[{"start":{"line":55,"column":6},"end":{"line":66,"column":null}},{"start":{"line":64,"column":13},"end":{"line":66,"column":null}}]},"3":{"loc":{"start":{"line":55,"column":10},"end":{"line":55,"column":66}},"type":"binary-expr","locations":[{"start":{"line":55,"column":10},"end":{"line":55,"column":33}},{"start":{"line":55,"column":37},"end":{"line":55,"column":49}},{"start":{"line":55,"column":53},"end":{"line":55,"column":66}}]},"4":{"loc":{"start":{"line":57,"column":8},"end":{"line":63,"column":null}},"type":"if","locations":[{"start":{"line":57,"column":8},"end":{"line":63,"column":null}},{"start":{"line":59,"column":15},"end":{"line":63,"column":null}}]},"5":{"loc":{"start":{"line":59,"column":15},"end":{"line":63,"column":null}},"type":"if","locations":[{"start":{"line":59,"column":15},"end":{"line":63,"column":null}},{"start":{"line":61,"column":15},"end":{"line":63,"column":null}}]},"6":{"loc":{"start":{"line":86,"column":4},"end":{"line":89,"column":null}},"type":"if","locations":[{"start":{"line":86,"column":4},"end":{"line":89,"column":null}},{"start":{},"end":{}}]},"7":{"loc":{"start":{"line":86,"column":8},"end":{"line":86,"column":50}},"type":"binary-expr","locations":[{"start":{"line":86,"column":8},"end":{"line":86,"column":16}},{"start":{"line":86,"column":20},"end":{"line":86,"column":50}}]},"8":{"loc":{"start":{"line":90,"column":4},"end":{"line":93,"column":null}},"type":"if","locations":[{"start":{"line":90,"column":4},"end":{"line":93,"column":null}},{"start":{},"end":{}}]},"9":{"loc":{"start":{"line":90,"column":8},"end":{"line":90,"column":31}},"type":"binary-expr","locations":[{"start":{"line":90,"column":8},"end":{"line":90,"column":16}},{"start":{"line":90,"column":20},"end":{"line":90,"column":31}}]},"10":{"loc":{"start":{"line":95,"column":4},"end":{"line":98,"column":null}},"type":"if","locations":[{"start":{"line":95,"column":4},"end":{"line":98,"column":null}},{"start":{},"end":{}}]},"11":{"loc":{"start":{"line":99,"column":4},"end":{"line":102,"column":null}},"type":"if","locations":[{"start":{"line":99,"column":4},"end":{"line":102,"column":null}},{"start":{},"end":{}}]},"12":{"loc":{"start":{"line":114,"column":4},"end":{"line":116,"column":null}},"type":"if","locations":[{"start":{"line":114,"column":4},"end":{"line":116,"column":null}},{"start":{},"end":{}}]},"13":{"loc":{"start":{"line":114,"column":8},"end":{"line":114,"column":32}},"type":"binary-expr","locations":[{"start":{"line":114,"column":8},"end":{"line":114,"column":12}},{"start":{"line":114,"column":16},"end":{"line":114,"column":32}}]},"14":{"loc":{"start":{"line":121,"column":4},"end":{"line":123,"column":null}},"type":"if","locations":[{"start":{"line":121,"column":4},"end":{"line":123,"column":null}},{"start":{},"end":{}}]},"15":{"loc":{"start":{"line":132,"column":6},"end":{"line":134,"column":null}},"type":"if","locations":[{"start":{"line":132,"column":6},"end":{"line":134,"column":null}},{"start":{},"end":{}}]},"16":{"loc":{"start":{"line":152,"column":6},"end":{"line":155,"column":null}},"type":"if","locations":[{"start":{"line":152,"column":6},"end":{"line":155,"column":null}},{"start":{},"end":{}}]},"17":{"loc":{"start":{"line":158,"column":6},"end":{"line":161,"column":null}},"type":"if","locations":[{"start":{"line":158,"column":6},"end":{"line":161,"column":null}},{"start":{},"end":{}}]},"18":{"loc":{"start":{"line":162,"column":14},"end":{"line":162,"column":32}},"type":"binary-expr","locations":[{"start":{"line":162,"column":14},"end":{"line":162,"column":26}},{"start":{"line":162,"column":30},"end":{"line":162,"column":32}}]},"19":{"loc":{"start":{"line":180,"column":8},"end":{"line":184,"column":null}},"type":"if","locations":[{"start":{"line":180,"column":8},"end":{"line":184,"column":null}},{"start":{},"end":{}}]}},"s":{"0":4,"1":4,"2":4,"3":4,"4":4,"5":4,"6":4,"7":4,"8":18,"9":18,"10":3,"11":1,"12":1,"13":2,"14":2,"15":2,"16":1,"17":1,"18":1,"19":1,"20":1,"21":0,"22":0,"23":0,"24":0,"25":1,"26":1,"27":1,"28":2,"29":1,"30":1,"31":2,"32":4,"33":1,"34":1,"35":3,"36":0,"37":0,"38":3,"39":3,"40":1,"41":1,"42":2,"43":1,"44":1,"45":1,"46":1,"47":1,"48":1,"49":1,"50":1,"51":1,"52":1,"53":1,"54":0,"55":1,"56":4,"57":1,"58":3,"59":3,"60":3,"61":2,"62":1,"63":1,"64":1,"65":1,"66":1,"67":2,"68":2,"69":2,"70":2,"71":2,"72":0,"73":0,"74":2,"75":2,"76":0,"77":0,"78":2,"79":4,"80":4,"81":0,"82":0,"83":3,"84":3,"85":2,"86":3,"87":1,"88":1,"89":1,"90":1,"91":1,"92":4},"f":{"0":18,"1":3,"2":1,"3":2,"4":1,"5":2,"6":4,"7":4,"8":2,"9":4,"10":3},"b":{"0":[1,2],"1":[3,2],"2":[1,0],"3":[1,1,1],"4":[1,0],"5":[0,0],"6":[1,3],"7":[4,3],"8":[0,3],"9":[3,3],"10":[1,2],"11":[1,1],"12":[0,1],"13":[1,1],"14":[1,3],"15":[1,1],"16":[0,2],"17":[0,2],"18":[2,0],"19":[1,2]}}
,"/home/mjrw/workNode/RibMan/nodejs-server/src/model/Config.ts": {"path":"/home/mjrw/workNode/RibMan/nodejs-server/src/model/Config.ts","statementMap":{"0":{"start":{"line":1,"column":0},"end":{"line":1,"column":25}},"1":{"start":{"line":8,"column":8},"end":{"line":8,"column":25}},"2":{"start":{"line":11,"column":8},"end":{"line":11,"column":50}},"3":{"start":{"line":12,"column":8},"end":{"line":12,"column":41}},"4":{"start":{"line":13,"column":8},"end":{"line":13,"column":35}},"5":{"start":{"line":14,"column":8},"end":{"line":14,"column":46}},"6":{"start":{"line":15,"column":8},"end":{"line":15,"column":48}},"7":{"start":{"line":16,"column":8},"end":{"line":21,"column":10}},"8":{"start":{"line":22,"column":8},"end":{"line":22,"column":44}},"9":{"start":{"line":27,"column":8},"end":{"line":27,"column":47}},"10":{"start":{"line":35,"column":21},"end":{"line":35,"column":56}},"11":{"start":{"line":36,"column":8},"end":{"line":43,"column":null}},"12":{"start":{"line":37,"column":33},"end":{"line":37,"column":49}},"13":{"start":{"line":38,"column":12},"end":{"line":38,"column":62}},"14":{"start":{"line":40,"column":12},"end":{"line":40,"column":84}},"15":{"start":{"line":42,"column":12},"end":{"line":42,"column":29}},"16":{"start":{"line":52,"column":8},"end":{"line":54,"column":null}},"17":{"start":{"line":53,"column":8},"end":{"line":53,"column":39}},"18":{"start":{"line":55,"column":8},"end":{"line":55,"column":31}},"19":{"start":{"line":59,"column":8},"end":{"line":59,"column":33}},"20":{"start":{"line":63,"column":8},"end":{"line":63,"column":32}},"21":{"start":{"line":67,"column":8},"end":{"line":67,"column":34}},"22":{"start":{"line":3,"column":0},"end":{"line":3,"column":13}}},"fnMap":{"0":{"name":"(anonymous_6)","decl":{"start":{"line":7,"column":4},"end":{"line":7,"column":null}},"loc":{"start":{"line":7,"column":4},"end":{"line":28,"column":5}}},"1":{"name":"(anonymous_7)","decl":{"start":{"line":29,"column":12},"end":{"line":29,"column":30}},"loc":{"start":{"line":29,"column":49},"end":{"line":44,"column":9}}},"2":{"name":"(anonymous_8)","decl":{"start":{"line":51,"column":11},"end":{"line":51,"column":17}},"loc":{"start":{"line":51,"column":29},"end":{"line":56,"column":5}}},"3":{"name":"(anonymous_9)","decl":{"start":{"line":58,"column":11},"end":{"line":58,"column":14}},"loc":{"start":{"line":58,"column":38},"end":{"line":60,"column":5}}},"4":{"name":"(anonymous_10)","decl":{"start":{"line":62,"column":11},"end":{"line":62,"column":14}},"loc":{"start":{"line":62,"column":26},"end":{"line":64,"column":5}}},"5":{"name":"(anonymous_11)","decl":{"start":{"line":66,"column":11},"end":{"line":66,"column":14}},"loc":{"start":{"line":66,"column":26},"end":{"line":68,"column":5}}}},"branchMap":{"0":{"loc":{"start":{"line":52,"column":8},"end":{"line":54,"column":null}},"type":"if","locations":[{"start":{"line":52,"column":8},"end":{"line":54,"column":null}},{"start":{},"end":{}}]}},"s":{"0":12,"1":10,"2":10,"3":10,"4":10,"5":10,"6":10,"7":10,"8":10,"9":10,"10":10,"11":10,"12":10,"13":10,"14":0,"15":0,"16":16,"17":10,"18":16,"19":0,"20":16,"21":0,"22":12},"f":{"0":10,"1":10,"2":16,"3":0,"4":16,"5":0},"b":{"0":[10,6]}}
,"/home/mjrw/workNode/RibMan/nodejs-server/src/model/DefectManager.ts": {"path":"/home/mjrw/workNode/RibMan/nodejs-server/src/model/DefectManager.ts","statementMap":{"0":{"start":{"line":1,"column":0},"end":{"line":1,"column":90}},"1":{"start":{"line":2,"column":0},"end":{"line":2,"column":54}},"2":{"start":{"line":4,"column":0},"end":{"line":4,"column":75}},"3":{"start":{"line":5,"column":0},"end":{"line":5,"column":34}},"4":{"start":{"line":6,"column":0},"end":{"line":6,"column":45}},"5":{"start":{"line":8,"column":19},"end":{"line":8,"column":49}},"6":{"start":{"line":9,"column":15},"end":{"line":9,"column":49}},"7":{"start":{"line":13,"column":14},"end":{"line":13,"column":62}},"8":{"start":{"line":14,"column":10},"end":{"line":14,"column":66}},"9":{"start":{"line":21,"column":24},"end":{"line":24,"column":10}},"10":{"start":{"line":25,"column":8},"end":{"line":25,"column":46}},"11":{"start":{"line":30,"column":24},"end":{"line":35,"column":10}},"12":{"start":{"line":37,"column":23},"end":{"line":37,"column":60}},"13":{"start":{"line":38,"column":8},"end":{"line":45,"column":null}},"14":{"start":{"line":39,"column":12},"end":{"line":44,"column":14}},"15":{"start":{"line":46,"column":8},"end":{"line":46,"column":20}},"16":{"start":{"line":11,"column":0},"end":{"line":11,"column":13}},"17":{"start":{"line":53,"column":4},"end":{"line":79,"column":9}},"18":{"start":{"line":53,"column":16},"end":{"line":79,"column":6}},"19":{"start":{"line":54,"column":8},"end":{"line":54,"column":56}},"20":{"start":{"line":55,"column":24},"end":{"line":55,"column":43}},"21":{"start":{"line":58,"column":8},"end":{"line":74,"column":11}},"22":{"start":{"line":67,"column":16},"end":{"line":72,"column":18}}},"fnMap":{"0":{"name":"(anonymous_7)","decl":{"start":{"line":11,"column":0},"end":{"line":11,"column":13}},"loc":{"start":{"line":11,"column":0},"end":{"line":48,"column":1}}},"1":{"name":"(anonymous_8)","decl":{"start":{"line":16,"column":17},"end":{"line":16,"column":35}},"loc":{"start":{"line":16,"column":66},"end":{"line":26,"column":null}}},"2":{"name":"(anonymous_10)","decl":{"start":{"line":29,"column":17},"end":{"line":29,"column":35}},"loc":{"start":{"line":29,"column":50},"end":{"line":47,"column":null}}},"3":{"name":"(anonymous_12)","decl":{"start":{"line":53,"column":5},"end":{"line":53,"column":14}},"loc":{"start":{"line":53,"column":16},"end":{"line":79,"column":6}}},"4":{"name":"(anonymous_13)","decl":{"start":{"line":53,"column":16},"end":{"line":53,"column":null}},"loc":{"start":{"line":53,"column":16},"end":{"line":79,"column":5}}},"5":{"name":"(anonymous_14)","decl":{"start":{"line":66,"column":20},"end":{"line":66,"column":null}},"loc":{"start":{"line":66,"column":20},"end":{"line":73,"column":13}}}},"branchMap":{"0":{"loc":{"start":{"line":38,"column":8},"end":{"line":45,"column":null}},"type":"if","locations":[{"start":{"line":38,"column":8},"end":{"line":45,"column":null}},{"start":{},"end":{}}]},"1":{"loc":{"start":{"line":40,"column":27},"end":{"line":40,"column":56}},"type":"cond-expr","locations":[{"start":{"line":40,"column":48},"end":{"line":40,"column":52}},{"start":{"line":40,"column":52},"end":{"line":40,"column":56}}]},"2":{"loc":{"start":{"line":40,"column":27},"end":{"line":40,"column":52}},"type":"binary-expr","locations":[{"start":{"line":40,"column":27},"end":{"line":40,"column":52}},{"start":{"line":40,"column":48},"end":{"line":40,"column":52}}]},"3":{"loc":{"start":{"line":41,"column":16},"end":{"line":41,"column":42}},"type":"cond-expr","locations":[{"start":{"line":41,"column":36},"end":{"line":41,"column":40}},{"start":{"line":41,"column":40},"end":{"line":41,"column":42}}]},"4":{"loc":{"start":{"line":41,"column":16},"end":{"line":41,"column":40}},"type":"binary-expr","locations":[{"start":{"line":41,"column":16},"end":{"line":41,"column":40}},{"start":{"line":41,"column":36},"end":{"line":41,"column":40}}]},"5":{"loc":{"start":{"line":42,"column":16},"end":{"line":42,"column":51}},"type":"cond-expr","locations":[{"start":{"line":42,"column":45},"end":{"line":42,"column":49}},{"start":{"line":42,"column":49},"end":{"line":42,"column":51}}]},"6":{"loc":{"start":{"line":42,"column":16},"end":{"line":42,"column":49}},"type":"binary-expr","locations":[{"start":{"line":42,"column":16},"end":{"line":42,"column":49}},{"start":{"line":42,"column":45},"end":{"line":42,"column":49}}]},"7":{"loc":{"start":{"line":42,"column":16},"end":{"line":42,"column":45}},"type":"cond-expr","locations":[{"start":{"line":42,"column":42},"end":{"line":42,"column":44}},{"start":{"line":42,"column":42},"end":{"line":42,"column":45}}]},"8":{"loc":{"start":{"line":42,"column":16},"end":{"line":42,"column":44}},"type":"binary-expr","locations":[{"start":{"line":42,"column":16},"end":{"line":42,"column":44}},{"start":{"line":42,"column":42},"end":{"line":42,"column":44}}]},"9":{"loc":{"start":{"line":43,"column":16},"end":{"line":43,"column":89}},"type":"cond-expr","locations":[{"start":{"line":43,"column":43},"end":{"line":43,"column":76}},{"start":{"line":43,"column":79},"end":{"line":43,"column":89}}]},"10":{"loc":{"start":{"line":43,"column":16},"end":{"line":43,"column":40}},"type":"cond-expr","locations":[{"start":{"line":43,"column":37},"end":{"line":43,"column":39}},{"start":{"line":43,"column":37},"end":{"line":43,"column":40}}]},"11":{"loc":{"start":{"line":43,"column":16},"end":{"line":43,"column":39}},"type":"binary-expr","locations":[{"start":{"line":43,"column":16},"end":{"line":43,"column":39}},{"start":{"line":43,"column":37},"end":{"line":43,"column":39}}]}},"s":{"0":4,"1":4,"2":4,"3":4,"4":4,"5":4,"6":4,"7":10,"8":10,"9":5,"10":5,"11":3,"12":3,"13":3,"14":1,"15":2,"16":4,"17":4,"18":4,"19":4,"20":4,"21":4,"22":4},"f":{"0":10,"1":5,"2":3,"3":4,"4":4,"5":4},"b":{"0":[1,2],"1":[1,0],"2":[1,1],"3":[1,0],"4":[1,1],"5":[1,0],"6":[1,1],"7":[0,1],"8":[1,1],"9":[1,0],"10":[0,1],"11":[1,1]}}
,"/home/mjrw/workNode/RibMan/nodejs-server/src/model/LogManager.ts": {"path":"/home/mjrw/workNode/RibMan/nodejs-server/src/model/LogManager.ts","statementMap":{"0":{"start":{"line":1,"column":0},"end":{"line":1,"column":47}},"1":{"start":{"line":2,"column":0},"end":{"line":2,"column":71}},"2":{"start":{"line":3,"column":0},"end":{"line":3,"column":41}},"3":{"start":{"line":4,"column":0},"end":{"line":4,"column":75}},"4":{"start":{"line":5,"column":0},"end":{"line":5,"column":52}},"5":{"start":{"line":6,"column":0},"end":{"line":6,"column":45}},"6":{"start":{"line":8,"column":23},"end":{"line":8,"column":49}},"7":{"start":{"line":9,"column":15},"end":{"line":9,"column":71}},"8":{"start":{"line":10,"column":15},"end":{"line":10,"column":53}},"9":{"start":{"line":11,"column":18},"end":{"line":11,"column":53}},"10":{"start":{"line":18,"column":8},"end":{"line":30,"column":null}},"11":{"start":{"line":19,"column":28},"end":{"line":23,"column":14}},"12":{"start":{"line":25,"column":12},"end":{"line":25,"column":42}},"13":{"start":{"line":26,"column":12},"end":{"line":26,"column":67}},"14":{"start":{"line":28,"column":12},"end":{"line":28,"column":60}},"15":{"start":{"line":29,"column":12},"end":{"line":29,"column":56}},"16":{"start":{"line":34,"column":24},"end":{"line":36,"column":10}},"17":{"start":{"line":37,"column":23},"end":{"line":37,"column":52}},"18":{"start":{"line":40,"column":8},"end":{"line":46,"column":15}},"19":{"start":{"line":41,"column":27},"end":{"line":41,"column":57}},"20":{"start":{"line":43,"column":30},"end":{"line":43,"column":53}},"21":{"start":{"line":44,"column":30},"end":{"line":44,"column":53}},"22":{"start":{"line":45,"column":16},"end":{"line":45,"column":37}},"23":{"start":{"line":14,"column":0},"end":{"line":14,"column":13}},"24":{"start":{"line":50,"column":13},"end":{"line":50,"column":43}}},"fnMap":{"0":{"name":"(anonymous_7)","decl":{"start":{"line":17,"column":17},"end":{"line":17,"column":29}},"loc":{"start":{"line":17,"column":48},"end":{"line":31,"column":null}}},"1":{"name":"(anonymous_9)","decl":{"start":{"line":33,"column":17},"end":{"line":33,"column":31}},"loc":{"start":{"line":33,"column":31},"end":{"line":47,"column":null}}},"2":{"name":"(anonymous_11)","decl":{"start":{"line":41,"column":17},"end":{"line":41,"column":18}},"loc":{"start":{"line":41,"column":27},"end":{"line":41,"column":57}}},"3":{"name":"(anonymous_12)","decl":{"start":{"line":42,"column":18},"end":{"line":42,"column":19}},"loc":{"start":{"line":42,"column":27},"end":{"line":46,"column":13}}}},"branchMap":{"0":{"loc":{"start":{"line":9,"column":15},"end":{"line":9,"column":71}},"type":"binary-expr","locations":[{"start":{"line":9,"column":15},"end":{"line":9,"column":33}},{"start":{"line":9,"column":37},"end":{"line":9,"column":71}}]},"1":{"loc":{"start":{"line":40,"column":16},"end":{"line":40,"column":34}},"type":"cond-expr","locations":[{"start":{"line":40,"column":28},"end":{"line":40,"column":32}},{"start":{"line":40,"column":32},"end":{"line":40,"column":34}}]},"2":{"loc":{"start":{"line":40,"column":16},"end":{"line":40,"column":32}},"type":"binary-expr","locations":[{"start":{"line":40,"column":16},"end":{"line":40,"column":32}},{"start":{"line":40,"column":28},"end":{"line":40,"column":32}}]},"3":{"loc":{"start":{"line":43,"column":30},"end":{"line":43,"column":53}},"type":"cond-expr","locations":[{"start":{"line":43,"column":48},"end":{"line":43,"column":52}},{"start":{"line":43,"column":52},"end":{"line":43,"column":53}}]},"4":{"loc":{"start":{"line":43,"column":30},"end":{"line":43,"column":52}},"type":"binary-expr","locations":[{"start":{"line":43,"column":30},"end":{"line":43,"column":52}},{"start":{"line":43,"column":48},"end":{"line":43,"column":52}}]},"5":{"loc":{"start":{"line":44,"column":30},"end":{"line":44,"column":53}},"type":"cond-expr","locations":[{"start":{"line":44,"column":48},"end":{"line":44,"column":52}},{"start":{"line":44,"column":52},"end":{"line":44,"column":53}}]},"6":{"loc":{"start":{"line":44,"column":30},"end":{"line":44,"column":52}},"type":"binary-expr","locations":[{"start":{"line":44,"column":30},"end":{"line":44,"column":52}},{"start":{"line":44,"column":48},"end":{"line":44,"column":52}}]}},"s":{"0":4,"1":4,"2":4,"3":4,"4":4,"5":4,"6":4,"7":4,"8":4,"9":4,"10":1,"11":1,"12":1,"13":1,"14":0,"15":0,"16":0,"17":0,"18":0,"19":0,"20":0,"21":0,"22":0,"23":4,"24":4},"f":{"0":1,"1":0,"2":0,"3":0},"b":{"0":[4,0],"1":[0,0],"2":[0,0],"3":[0,0],"4":[0,0],"5":[0,0],"6":[0,0]}}
,"/home/mjrw/workNode/RibMan/nodejs-server/src/model/Person.ts": {"path":"/home/mjrw/workNode/RibMan/nodejs-server/src/model/Person.ts","statementMap":{"0":{"start":{"line":21,"column":8},"end":{"line":21,"column":21}},"1":{"start":{"line":22,"column":8},"end":{"line":22,"column":35}},"2":{"start":{"line":23,"column":8},"end":{"line":23,"column":33}},"3":{"start":{"line":24,"column":8},"end":{"line":24,"column":37}},"4":{"start":{"line":25,"column":8},"end":{"line":25,"column":33}},"5":{"start":{"line":26,"column":8},"end":{"line":26,"column":35}},"6":{"start":{"line":27,"column":8},"end":{"line":27,"column":89}},"7":{"start":{"line":41,"column":8},"end":{"line":49,"column":10}},"8":{"start":{"line":62,"column":23},"end":{"line":68,"column":null}},"9":{"start":{"line":70,"column":8},"end":{"line":70,"column":43}},"10":{"start":{"line":71,"column":8},"end":{"line":71,"column":22}},"11":{"start":{"line":3,"column":0},"end":{"line":3,"column":13}}},"fnMap":{"0":{"name":"(anonymous_0)","decl":{"start":{"line":13,"column":4},"end":{"line":13,"column":null}},"loc":{"start":{"line":19,"column":26},"end":{"line":28,"column":5}}},"1":{"name":"(anonymous_1)","decl":{"start":{"line":32,"column":4},"end":{"line":32,"column":10}},"loc":{"start":{"line":32,"column":10},"end":{"line":50,"column":5}}},"2":{"name":"(anonymous_2)","decl":{"start":{"line":53,"column":4},"end":{"line":53,"column":10}},"loc":{"start":{"line":61,"column":5},"end":{"line":72,"column":5}}}},"branchMap":{},"s":{"0":0,"1":0,"2":0,"3":0,"4":0,"5":0,"6":0,"7":0,"8":0,"9":0,"10":0,"11":4},"f":{"0":0,"1":0,"2":0},"b":{}}
,"/home/mjrw/workNode/RibMan/nodejs-server/src/model/PersonManager.ts": {"path":"/home/mjrw/workNode/RibMan/nodejs-server/src/model/PersonManager.ts","statementMap":{"0":{"start":{"line":5,"column":0},"end":{"line":5,"column":71}},"1":{"start":{"line":6,"column":0},"end":{"line":6,"column":90}},"2":{"start":{"line":7,"column":0},"end":{"line":7,"column":53}},"3":{"start":{"line":8,"column":0},"end":{"line":8,"column":34}},"4":{"start":{"line":9,"column":0},"end":{"line":9,"column":34}},"5":{"start":{"line":12,"column":19},"end":{"line":12,"column":31}},"6":{"start":{"line":13,"column":15},"end":{"line":13,"column":49}},"7":{"start":{"line":18,"column":12},"end":{"line":18,"column":60}},"8":{"start":{"line":20,"column":12},"end":{"line":20,"column":68}},"9":{"start":{"line":25,"column":8},"end":{"line":28,"column":null}},"10":{"start":{"line":26,"column":12},"end":{"line":26,"column":83}},"11":{"start":{"line":27,"column":12},"end":{"line":27,"column":53}},"12":{"start":{"line":30,"column":24},"end":{"line":33,"column":10}},"13":{"start":{"line":35,"column":8},"end":{"line":41,"column":null}},"14":{"start":{"line":36,"column":12},"end":{"line":36,"column":50}},"15":{"start":{"line":37,"column":12},"end":{"line":37,"column":91}},"16":{"start":{"line":39,"column":12},"end":{"line":39,"column":76}},"17":{"start":{"line":40,"column":12},"end":{"line":40,"column":22}},"18":{"start":{"line":46,"column":24},"end":{"line":48,"column":10}},"19":{"start":{"line":50,"column":8},"end":{"line":60,"column":null}},"20":{"start":{"line":51,"column":29},"end":{"line":51,"column":66}},"21":{"start":{"line":52,"column":12},"end":{"line":54,"column":null}},"22":{"start":{"line":53,"column":16},"end":{"line":53,"column":26}},"23":{"start":{"line":55,"column":12},"end":{"line":55,"column":91}},"24":{"start":{"line":55,"column":46},"end":{"line":55,"column":89}},"25":{"start":{"line":58,"column":12},"end":{"line":58,"column":71}},"26":{"start":{"line":59,"column":12},"end":{"line":59,"column":22}},"27":{"start":{"line":64,"column":24},"end":{"line":66,"column":10}},"28":{"start":{"line":67,"column":8},"end":{"line":81,"column":null}},"29":{"start":{"line":68,"column":29},"end":{"line":68,"column":66}},"30":{"start":{"line":69,"column":12},"end":{"line":77,"column":null}},"31":{"start":{"line":70,"column":16},"end":{"line":76,"column":null}},"32":{"start":{"line":71,"column":35},"end":{"line":71,"column":78}},"33":{"start":{"line":72,"column":20},"end":{"line":75,"column":null}},"34":{"start":{"line":73,"column":24},"end":{"line":73,"column":110}},"35":{"start":{"line":74,"column":24},"end":{"line":74,"column":77}},"36":{"start":{"line":79,"column":12},"end":{"line":79,"column":72}},"37":{"start":{"line":80,"column":12},"end":{"line":80,"column":22}},"38":{"start":{"line":85,"column":24},"end":{"line":88,"column":10}},"39":{"start":{"line":89,"column":8},"end":{"line":95,"column":null}},"40":{"start":{"line":90,"column":12},"end":{"line":90,"column":50}},"41":{"start":{"line":91,"column":12},"end":{"line":91,"column":70}},"42":{"start":{"line":93,"column":12},"end":{"line":93,"column":71}},"43":{"start":{"line":94,"column":12},"end":{"line":94,"column":22}},"44":{"start":{"line":105,"column":8},"end":{"line":105,"column":52}},"45":{"start":{"line":107,"column":29},"end":{"line":107,"column":96}},"46":{"start":{"line":108,"column":38},"end":{"line":108,"column":40}},"47":{"start":{"line":111,"column":8},"end":{"line":115,"column":null}},"48":{"start":{"line":112,"column":12},"end":{"line":112,"column":139}},"49":{"start":{"line":113,"column":12},"end":{"line":113,"column":50}},"50":{"start":{"line":117,"column":24},"end":{"line":123,"column":10}},"51":{"start":{"line":125,"column":8},"end":{"line":147,"column":null}},"52":{"start":{"line":126,"column":29},"end":{"line":126,"column":66}},"53":{"start":{"line":127,"column":12},"end":{"line":142,"column":null}},"54":{"start":{"line":128,"column":16},"end":{"line":140,"column":null}},"55":{"start":{"line":129,"column":41},"end":{"line":129,"column":57}},"56":{"start":{"line":130,"column":20},"end":{"line":130,"column":102}},"57":{"start":{"line":131,"column":35},"end":{"line":131,"column":74}},"58":{"start":{"line":132,"column":20},"end":{"line":139,"column":null}},"59":{"start":{"line":138,"column":24},"end":{"line":138,"column":49}},"60":{"start":{"line":143,"column":12},"end":{"line":143,"column":31}},"61":{"start":{"line":145,"column":12},"end":{"line":145,"column":84}},"62":{"start":{"line":146,"column":12},"end":{"line":146,"column":22}},"63":{"start":{"line":16,"column":0},"end":{"line":16,"column":13}},"64":{"start":{"line":150,"column":13},"end":{"line":150,"column":49}}},"fnMap":{"0":{"name":"(anonymous_7)","decl":{"start":{"line":16,"column":0},"end":{"line":16,"column":13}},"loc":{"start":{"line":16,"column":0},"end":{"line":149,"column":1}}},"1":{"name":"(anonymous_8)","decl":{"start":{"line":24,"column":10},"end":{"line":24,"column":20}},"loc":{"start":{"line":24,"column":35},"end":{"line":42,"column":null}}},"2":{"name":"(anonymous_10)","decl":{"start":{"line":45,"column":10},"end":{"line":45,"column":24}},"loc":{"start":{"line":45,"column":24},"end":{"line":61,"column":null}}},"3":{"name":"(anonymous_12)","decl":{"start":{"line":55,"column":38},"end":{"line":55,"column":42}},"loc":{"start":{"line":55,"column":46},"end":{"line":55,"column":89}}},"4":{"name":"(anonymous_13)","decl":{"start":{"line":63,"column":10},"end":{"line":63,"column":26}},"loc":{"start":{"line":63,"column":26},"end":{"line":82,"column":null}}},"5":{"name":"(anonymous_15)","decl":{"start":{"line":84,"column":10},"end":{"line":84,"column":22}},"loc":{"start":{"line":84,"column":53},"end":{"line":96,"column":null}}},"6":{"name":"(anonymous_17)","decl":{"start":{"line":99,"column":10},"end":{"line":99,"column":41}},"loc":{"start":{"line":103,"column":25},"end":{"line":148,"column":null}}}},"branchMap":{"0":{"loc":{"start":{"line":25,"column":8},"end":{"line":28,"column":null}},"type":"if","locations":[{"start":{"line":25,"column":8},"end":{"line":28,"column":null}},{"start":{},"end":{}}]},"1":{"loc":{"start":{"line":25,"column":12},"end":{"line":25,"column":58}},"type":"binary-expr","locations":[{"start":{"line":25,"column":12},"end":{"line":25,"column":19}},{"start":{"line":25,"column":23},"end":{"line":25,"column":58}}]},"2":{"loc":{"start":{"line":52,"column":12},"end":{"line":54,"column":null}},"type":"if","locations":[{"start":{"line":52,"column":12},"end":{"line":54,"column":null}},{"start":{},"end":{}}]},"3":{"loc":{"start":{"line":69,"column":12},"end":{"line":77,"column":null}},"type":"if","locations":[{"start":{"line":69,"column":12},"end":{"line":77,"column":null}},{"start":{},"end":{}}]},"4":{"loc":{"start":{"line":69,"column":16},"end":{"line":69,"column":59}},"type":"binary-expr","locations":[{"start":{"line":69,"column":16},"end":{"line":69,"column":30}},{"start":{"line":69,"column":34},"end":{"line":69,"column":59}}]},"5":{"loc":{"start":{"line":72,"column":20},"end":{"line":75,"column":null}},"type":"if","locations":[{"start":{"line":72,"column":20},"end":{"line":75,"column":null}},{"start":{},"end":{}}]},"6":{"loc":{"start":{"line":72,"column":23},"end":{"line":72,"column":62}},"type":"binary-expr","locations":[{"start":{"line":72,"column":23},"end":{"line":72,"column":29}},{"start":{"line":72,"column":33},"end":{"line":72,"column":42}},{"start":{"line":72,"column":46},"end":{"line":72,"column":62}}]},"7":{"loc":{"start":{"line":111,"column":8},"end":{"line":115,"column":null}},"type":"if","locations":[{"start":{"line":111,"column":8},"end":{"line":115,"column":null}},{"start":{},"end":{}}]},"8":{"loc":{"start":{"line":111,"column":12},"end":{"line":111,"column":54}},"type":"binary-expr","locations":[{"start":{"line":111,"column":12},"end":{"line":111,"column":26}},{"start":{"line":111,"column":30},"end":{"line":111,"column":39}},{"start":{"line":111,"column":43},"end":{"line":111,"column":54}}]},"9":{"loc":{"start":{"line":127,"column":12},"end":{"line":142,"column":null}},"type":"if","locations":[{"start":{"line":127,"column":12},"end":{"line":142,"column":null}},{"start":{},"end":{}}]},"10":{"loc":{"start":{"line":127,"column":16},"end":{"line":127,"column":59}},"type":"binary-expr","locations":[{"start":{"line":127,"column":16},"end":{"line":127,"column":30}},{"start":{"line":127,"column":34},"end":{"line":127,"column":59}}]},"11":{"loc":{"start":{"line":132,"column":20},"end":{"line":139,"column":null}},"type":"if","locations":[{"start":{"line":132,"column":20},"end":{"line":139,"column":null}},{"start":{},"end":{}}]},"12":{"loc":{"start":{"line":133,"column":24},"end":{"line":136,"column":75}},"type":"binary-expr","locations":[{"start":{"line":133,"column":24},"end":{"line":133,"column":79}},{"start":{"line":134,"column":24},"end":{"line":134,"column":52}},{"start":{"line":135,"column":24},"end":{"line":135,"column":56}},{"start":{"line":136,"column":25},"end":{"line":136,"column":40}},{"start":{"line":136,"column":44},"end":{"line":136,"column":74}}]}},"s":{"0":4,"1":4,"2":4,"3":4,"4":4,"5":4,"6":4,"7":6,"8":6,"9":0,"10":0,"11":0,"12":0,"13":0,"14":0,"15":0,"16":0,"17":0,"18":0,"19":0,"20":0,"21":0,"22":0,"23":0,"24":0,"25":0,"26":0,"27":0,"28":0,"29":0,"30":0,"31":0,"32":0,"33":0,"34":0,"35":0,"36":0,"37":0,"38":0,"39":0,"40":0,"41":0,"42":0,"43":0,"44":0,"45":0,"46":0,"47":0,"48":0,"49":0,"50":0,"51":0,"52":0,"53":0,"54":0,"55":0,"56":0,"57":0,"58":0,"59":0,"60":0,"61":0,"62":0,"63":4,"64":4},"f":{"0":6,"1":0,"2":0,"3":0,"4":0,"5":0,"6":0},"b":{"0":[0,0],"1":[0,0],"2":[0,0],"3":[0,0],"4":[0,0],"5":[0,0],"6":[0,0,0],"7":[0,0],"8":[0,0,0],"9":[0,0],"10":[0,0],"11":[0,0],"12":[0,0,0,0,0]}}
,"/home/mjrw/workNode/RibMan/nodejs-server/src/model/dao.ts": {"path":"/home/mjrw/workNode/RibMan/nodejs-server/src/model/dao.ts","statementMap":{"0":{"start":{"line":1,"column":0},"end":{"line":1,"column":30}},"1":{"start":{"line":2,"column":0},"end":{"line":2,"column":44}},"2":{"start":{"line":3,"column":0},"end":{"line":3,"column":54}},"3":{"start":{"line":5,"column":0},"end":{"line":5,"column":54}},"4":{"start":{"line":7,"column":0},"end":{"line":7,"column":48}},"5":{"start":{"line":8,"column":0},"end":{"line":8,"column":48}},"6":{"start":{"line":9,"column":0},"end":{"line":9,"column":58}},"7":{"start":{"line":21,"column":8},"end":{"line":21,"column":45}},"8":{"start":{"line":22,"column":8},"end":{"line":22,"column":49}},"9":{"start":{"line":23,"column":8},"end":{"line":23,"column":43}},"10":{"start":{"line":24,"column":8},"end":{"line":24,"column":49}},"11":{"start":{"line":25,"column":8},"end":{"line":25,"column":59}},"12":{"start":{"line":32,"column":8},"end":{"line":34,"column":null}},"13":{"start":{"line":33,"column":12},"end":{"line":33,"column":76}},"14":{"start":{"line":35,"column":32},"end":{"line":35,"column":52}},"15":{"start":{"line":40,"column":8},"end":{"line":40,"column":32}},"16":{"start":{"line":43,"column":31},"end":{"line":43,"column":101}},"17":{"start":{"line":44,"column":8},"end":{"line":44,"column":68}},"18":{"start":{"line":47,"column":8},"end":{"line":47,"column":62}},"19":{"start":{"line":48,"column":6},"end":{"line":48,"column":49}},"20":{"start":{"line":52,"column":8},"end":{"line":62,"column":10}},"21":{"start":{"line":11,"column":0},"end":{"line":11,"column":13}},"22":{"start":{"line":66,"column":13},"end":{"line":66,"column":42}}},"fnMap":{"0":{"name":"(anonymous_7)","decl":{"start":{"line":19,"column":4},"end":{"line":19,"column":null}},"loc":{"start":{"line":19,"column":4},"end":{"line":27,"column":5}}},"1":{"name":"(anonymous_8)","decl":{"start":{"line":31,"column":17},"end":{"line":31,"column":28}},"loc":{"start":{"line":31,"column":110},"end":{"line":49,"column":null}}},"2":{"name":"(anonymous_10)","decl":{"start":{"line":51,"column":11},"end":{"line":51,"column":33}},"loc":{"start":{"line":51,"column":33},"end":{"line":63,"column":5}}}},"branchMap":{"0":{"loc":{"start":{"line":32,"column":8},"end":{"line":34,"column":null}},"type":"if","locations":[{"start":{"line":32,"column":8},"end":{"line":34,"column":null}},{"start":{},"end":{}}]},"1":{"loc":{"start":{"line":32,"column":12},"end":{"line":32,"column":35}},"type":"binary-expr","locations":[{"start":{"line":32,"column":12},"end":{"line":32,"column":17}},{"start":{"line":32,"column":21},"end":{"line":32,"column":35}}]}},"s":{"0":3,"1":3,"2":3,"3":3,"4":3,"5":3,"6":3,"7":5,"8":5,"9":5,"10":5,"11":5,"12":3,"13":2,"14":1,"15":1,"16":1,"17":1,"18":1,"19":0,"20":0,"21":3,"22":3},"f":{"0":5,"1":3,"2":0},"b":{"0":[2,1],"1":[3,2]}}
,"/home/mjrw/workNode/RibMan/nodejs-server/src/model/defect.ts": {"path":"/home/mjrw/workNode/RibMan/nodejs-server/src/model/defect.ts","statementMap":{"0":{"start":{"line":8,"column":8},"end":{"line":8,"column":21}},"1":{"start":{"line":9,"column":8},"end":{"line":9,"column":25}},"2":{"start":{"line":10,"column":8},"end":{"line":10,"column":39}},"3":{"start":{"line":2,"column":0},"end":{"line":2,"column":13}},"4":{"start":{"line":18,"column":5},"end":{"line":18,"column":36}},"5":{"start":{"line":21,"column":8},"end":{"line":21,"column":31}},"6":{"start":{"line":22,"column":8},"end":{"line":22,"column":29}},"7":{"start":{"line":23,"column":8},"end":{"line":23,"column":45}},"8":{"start":{"line":24,"column":8},"end":{"line":24,"column":49}},"9":{"start":{"line":29,"column":8},"end":{"line":34,"column":10}},"10":{"start":{"line":40,"column":8},"end":{"line":44,"column":28}},"11":{"start":{"line":14,"column":0},"end":{"line":14,"column":13}}},"fnMap":{"0":{"name":"(anonymous_0)","decl":{"start":{"line":7,"column":4},"end":{"line":7,"column":16}},"loc":{"start":{"line":7,"column":61},"end":{"line":11,"column":5}}},"1":{"name":"(anonymous_1)","decl":{"start":{"line":20,"column":4},"end":{"line":20,"column":16}},"loc":{"start":{"line":20,"column":98},"end":{"line":25,"column":5}}},"2":{"name":"(anonymous_2)","decl":{"start":{"line":28,"column":11},"end":{"line":28,"column":17}},"loc":{"start":{"line":28,"column":17},"end":{"line":35,"column":5}}},"3":{"name":"(anonymous_3)","decl":{"start":{"line":39,"column":11},"end":{"line":39,"column":17}},"loc":{"start":{"line":39,"column":118},"end":{"line":45,"column":5}}}},"branchMap":{"0":{"loc":{"start":{"line":24,"column":25},"end":{"line":24,"column":48}},"type":"binary-expr","locations":[{"start":{"line":24,"column":25},"end":{"line":24,"column":34}},{"start":{"line":24,"column":38},"end":{"line":24,"column":48}}]}},"s":{"0":2,"1":2,"2":2,"3":5,"4":2,"5":2,"6":2,"7":2,"8":2,"9":0,"10":0,"11":5},"f":{"0":2,"1":2,"2":0,"3":0},"b":{"0":[2,0]}}
,"/home/mjrw/workNode/RibMan/nodejs-server/src/model/log.ts": {"path":"/home/mjrw/workNode/RibMan/nodejs-server/src/model/log.ts","statementMap":{"0":{"start":{"line":15,"column":4},"end":{"line":15,"column":33}},"1":{"start":{"line":29,"column":8},"end":{"line":29,"column":34}},"2":{"start":{"line":30,"column":8},"end":{"line":30,"column":84}},"3":{"start":{"line":31,"column":8},"end":{"line":35,"column":null}},"4":{"start":{"line":33,"column":12},"end":{"line":33,"column":92}},"5":{"start":{"line":34,"column":12},"end":{"line":34,"column":71}},"6":{"start":{"line":36,"column":8},"end":{"line":39,"column":null}},"7":{"start":{"line":37,"column":12},"end":{"line":37,"column":90}},"8":{"start":{"line":38,"column":12},"end":{"line":38,"column":69}},"9":{"start":{"line":53,"column":8},"end":{"line":63,"column":10}},"10":{"start":{"line":66,"column":8},"end":{"line":69,"column":94}},"11":{"start":{"line":13,"column":0},"end":{"line":13,"column":13}}},"fnMap":{"0":{"name":"(anonymous_0)","decl":{"start":{"line":28,"column":4},"end":{"line":28,"column":16}},"loc":{"start":{"line":28,"column":39},"end":{"line":40,"column":5}}},"1":{"name":"(anonymous_1)","decl":{"start":{"line":42,"column":11},"end":{"line":42,"column":17}},"loc":{"start":{"line":42,"column":17},"end":{"line":64,"column":5}}},"2":{"name":"(anonymous_2)","decl":{"start":{"line":65,"column":11},"end":{"line":65,"column":19}},"loc":{"start":{"line":65,"column":19},"end":{"line":70,"column":5}}}},"branchMap":{"0":{"loc":{"start":{"line":30,"column":22},"end":{"line":30,"column":83}},"type":"cond-expr","locations":[{"start":{"line":30,"column":33},"end":{"line":30,"column":37}},{"start":{"line":30,"column":37},"end":{"line":30,"column":83}}]},"1":{"loc":{"start":{"line":30,"column":22},"end":{"line":30,"column":37}},"type":"binary-expr","locations":[{"start":{"line":30,"column":22},"end":{"line":30,"column":37}},{"start":{"line":30,"column":33},"end":{"line":30,"column":37}}]},"2":{"loc":{"start":{"line":31,"column":8},"end":{"line":35,"column":null}},"type":"if","locations":[{"start":{"line":31,"column":8},"end":{"line":35,"column":null}},{"start":{},"end":{}}]},"3":{"loc":{"start":{"line":31,"column":12},"end":{"line":31,"column":78}},"type":"binary-expr","locations":[{"start":{"line":31,"column":12},"end":{"line":31,"column":33}},{"start":{"line":31,"column":37},"end":{"line":31,"column":78}}]},"4":{"loc":{"start":{"line":36,"column":8},"end":{"line":39,"column":null}},"type":"if","locations":[{"start":{"line":36,"column":8},"end":{"line":39,"column":null}},{"start":{},"end":{}}]},"5":{"loc":{"start":{"line":36,"column":12},"end":{"line":36,"column":76}},"type":"binary-expr","locations":[{"start":{"line":36,"column":12},"end":{"line":36,"column":32}},{"start":{"line":36,"column":36},"end":{"line":36,"column":76}}]},"6":{"loc":{"start":{"line":55,"column":22},"end":{"line":55,"column":41}},"type":"cond-expr","locations":[{"start":{"line":55,"column":35},"end":{"line":55,"column":39}},{"start":{"line":55,"column":39},"end":{"line":55,"column":41}}]},"7":{"loc":{"start":{"line":55,"column":22},"end":{"line":55,"column":39}},"type":"binary-expr","locations":[{"start":{"line":55,"column":22},"end":{"line":55,"column":39}},{"start":{"line":55,"column":35},"end":{"line":55,"column":39}}]},"8":{"loc":{"start":{"line":56,"column":24},"end":{"line":56,"column":45}},"type":"cond-expr","locations":[{"start":{"line":56,"column":39},"end":{"line":56,"column":43}},{"start":{"line":56,"column":43},"end":{"line":56,"column":45}}]},"9":{"loc":{"start":{"line":56,"column":24},"end":{"line":56,"column":43}},"type":"binary-expr","locations":[{"start":{"line":56,"column":24},"end":{"line":56,"column":43}},{"start":{"line":56,"column":39},"end":{"line":56,"column":43}}]},"10":{"loc":{"start":{"line":59,"column":28},"end":{"line":59,"column":74}},"type":"cond-expr","locations":[{"start":{"line":59,"column":50},"end":{"line":59,"column":69}},{"start":{"line":59,"column":72},"end":{"line":59,"column":74}}]},"11":{"loc":{"start":{"line":60,"column":20},"end":{"line":60,"column":50}},"type":"cond-expr","locations":[{"start":{"line":60,"column":34},"end":{"line":60,"column":45}},{"start":{"line":60,"column":48},"end":{"line":60,"column":50}}]},"12":{"loc":{"start":{"line":61,"column":28},"end":{"line":61,"column":74}},"type":"cond-expr","locations":[{"start":{"line":61,"column":50},"end":{"line":61,"column":69}},{"start":{"line":61,"column":72},"end":{"line":61,"column":74}}]},"13":{"loc":{"start":{"line":68,"column":60},"end":{"line":68,"column":99}},"type":"cond-expr","locations":[{"start":{"line":68,"column":74},"end":{"line":68,"column":85}},{"start":{"line":68,"column":88},"end":{"line":68,"column":99}}]},"14":{"loc":{"start":{"line":69,"column":27},"end":{"line":69,"column":91}},"type":"cond-expr","locations":[{"start":{"line":69,"column":49},"end":{"line":69,"column":68}},{"start":{"line":69,"column":71},"end":{"line":69,"column":91}}]}},"s":{"0":2,"1":2,"2":2,"3":2,"4":0,"5":0,"6":2,"7":0,"8":0,"9":1,"10":0,"11":4},"f":{"0":2,"1":1,"2":0},"b":{"0":[2,0],"1":[2,2],"2":[0,2],"3":[2,1],"4":[0,2],"5":[2,1],"6":[1,0],"7":[1,1],"8":[1,0],"9":[1,1],"10":[1,0],"11":[0,1],"12":[0,1],"13":[0,0],"14":[0,0]}}
}
