TN:
SF:src/environment.ts
FNF:0
FNH:0
DA:1,10
LF:1
LH:1
BRF:0
BRH:0
end_of_record
TN:
SF:src/api/server.ts
FN:20,(anonymous_14)
FN:24,(anonymous_15)
FN:28,(anonymous_16)
FN:32,(anonymous_17)
FN:57,(anonymous_19)
FN:72,(anonymous_21)
FN:88,(anonymous_22)
FN:116,(anonymous_24)
FN:127,(anonymous_26)
FN:137,(anonymous_28)
FN:148,(anonymous_30)
FN:178,validatePassword
FNF:12
FNH:11
FNDA:2,(anonymous_14)
FNDA:2,(anonymous_15)
FNDA:0,(anonymous_16)
FNDA:2,(anonymous_17)
FNDA:2,(anonymous_19)
FNDA:1,(anonymous_21)
FNDA:2,(anonymous_22)
FNDA:2,(anonymous_24)
FNDA:2,(anonymous_26)
FNDA:1,(anonymous_28)
FNDA:2,(anonymous_30)
FNDA:2,validatePassword
DA:2,2
DA:5,2
DA:6,2
DA:10,2
DA:12,2
DA:13,2
DA:15,2
DA:17,2
DA:21,2
DA:25,2
DA:29,0
DA:35,2
DA:37,2
DA:38,2
DA:40,2
DA:43,2
DA:44,2
DA:50,1
DA:52,1
DA:53,1
DA:58,2
DA:59,2
DA:60,2
DA:61,2
DA:63,2
DA:64,2
DA:65,1
DA:72,1
DA:78,1
DA:79,1
DA:81,1
DA:82,1
DA:89,2
DA:90,2
DA:91,2
DA:94,2
DA:95,2
DA:96,1
DA:97,1
DA:98,1
DA:99,1
DA:107,1
DA:108,1
DA:110,1
DA:111,1
DA:117,2
DA:118,2
DA:119,1
DA:121,1
DA:122,1
DA:128,2
DA:129,2
DA:130,1
DA:132,1
DA:133,1
DA:138,1
DA:139,1
DA:140,1
DA:142,0
DA:143,0
DA:150,2
DA:151,2
DA:153,2
DA:154,1
DA:156,1
DA:163,1
DA:166,1
DA:171,1
DA:177,2
DA:180,2
LF:70
LH:67
BRDA:35,0,0,2
BRDA:35,0,1,1
BRDA:37,1,0,2
BRDA:37,1,1,1
BRDA:38,2,0,2
BRDA:38,2,1,1
BRDA:40,3,0,2
BRDA:40,3,1,1
BRDA:60,4,0,2
BRDA:60,4,1,1
BRDA:61,5,0,2
BRDA:61,5,1,1
BRDA:69,6,0,1
BRDA:69,6,1,0
BRDA:71,7,0,1
BRDA:71,7,1,0
BRDA:73,8,0,1
BRDA:73,8,1,0
BRDA:91,9,0,2
BRDA:91,9,1,1
BRDA:153,10,0,1
BRDA:153,10,1,1
BRF:22
BRH:19
end_of_record
TN:
SF:src/controllers/adminController.ts
FN:30,(anonymous_8)
FN:37,(anonymous_9)
FN:55,(anonymous_11)
FN:59,(anonymous_12)
FN:66,(anonymous_13)
FN:74,(anonymous_14)
FN:80,(anonymous_16)
FN:90,(anonymous_18)
FN:97,(anonymous_19)
FN:107,(anonymous_21)
FN:130,(anonymous_22)
FN:146,(anonymous_24)
FN:172,(anonymous_26)
FN:178,(anonymous_27)
FN:188,(anonymous_29)
FN:208,(anonymous_31)
FN:218,(anonymous_33)
FN:220,(anonymous_34)
FN:223,(anonymous_35)
FN:226,(anonymous_36)
FNF:20
FNH:20
FNDA:1,(anonymous_8)
FNDA:3,(anonymous_9)
FNDA:27,(anonymous_11)
FNDA:1,(anonymous_12)
FNDA:2,(anonymous_13)
FNDA:1,(anonymous_14)
FNDA:2,(anonymous_16)
FNDA:1,(anonymous_18)
FNDA:2,(anonymous_19)
FNDA:8,(anonymous_21)
FNDA:2,(anonymous_22)
FNDA:3,(anonymous_24)
FNDA:1,(anonymous_26)
FNDA:1,(anonymous_27)
FNDA:3,(anonymous_29)
FNDA:3,(anonymous_31)
FNDA:6,(anonymous_33)
FNDA:8,(anonymous_34)
FNDA:8,(anonymous_35)
FNDA:4,(anonymous_36)
DA:1,1
DA:2,1
DA:4,1
DA:5,1
DA:6,1
DA:8,1
DA:28,1
DA:31,1
DA:32,1
DA:34,1
DA:39,3
DA:40,3
DA:41,3
DA:42,3
DA:43,3
DA:45,3
DA:46,3
DA:47,2
DA:48,1
DA:50,2
DA:51,2
DA:60,1
DA:61,1
DA:63,1
DA:67,2
DA:68,2
DA:69,2
DA:71,2
DA:76,1
DA:77,1
DA:81,2
DA:82,2
DA:83,1
DA:85,1
DA:86,1
DA:91,1
DA:92,1
DA:94,1
DA:98,2
DA:100,2
DA:101,1
DA:102,1
DA:103,1
DA:104,1
DA:105,1
DA:106,1
DA:107,1
DA:108,8
DA:109,1
DA:111,7
DA:112,1
DA:114,6
DA:116,1
DA:118,1
DA:119,1
DA:122,1
DA:123,1
DA:126,1
DA:131,2
DA:132,2
DA:134,2
DA:136,1
DA:137,1
DA:140,2
DA:142,2
DA:147,3
DA:148,3
DA:149,3
DA:150,2
DA:151,2
DA:153,1
DA:157,1
DA:158,1
DA:161,1
DA:162,1
DA:164,1
DA:167,1
DA:168,1
DA:173,1
DA:174,1
DA:176,1
DA:180,1
DA:181,1
DA:183,1
DA:185,1
DA:189,3
DA:190,3
DA:191,3
DA:192,2
DA:194,1
DA:195,1
DA:196,1
DA:198,1
DA:201,1
DA:202,1
DA:209,3
DA:211,3
DA:212,1
DA:213,1
DA:214,1
DA:216,2
DA:218,6
DA:220,8
DA:222,2
DA:223,8
DA:224,2
DA:226,4
DA:228,2
DA:230,2
DA:233,1
DA:236,1
DA:237,1
DA:243,1
LF:113
LH:113
BRDA:67,0,0,2
BRDA:67,0,1,1
BRDA:67,1,0,1
BRDA:67,1,1,1
BRDA:67,2,0,2
BRDA:67,2,1,2
BRDA:105,3,0,1
BRDA:105,3,1,0
BRDA:106,4,0,1
BRDA:106,4,1,0
BRDA:108,5,0,1
BRDA:108,5,1,7
BRDA:111,6,0,1
BRDA:111,6,1,6
BRDA:114,7,0,6
BRDA:114,7,1,0
BRDA:114,8,0,6
BRDA:114,8,1,6
BRDA:150,9,0,0
BRDA:150,9,1,2
BRDA:150,10,0,2
BRDA:150,10,1,2
BRDA:151,11,0,1
BRDA:151,11,1,1
BRDA:157,12,0,1
BRDA:157,12,1,0
BRDA:157,13,0,0
BRDA:157,13,1,1
BRDA:157,14,0,1
BRDA:157,14,1,1
BRDA:192,15,0,1
BRDA:192,15,1,1
BRDA:211,16,0,1
BRDA:211,16,1,2
BRDA:224,17,0,0
BRDA:224,17,1,2
BRF:36
BRH:29
end_of_record
TN:
SF:src/model/AdminPerson.ts
FN:10,(anonymous_13)
FN:22,(anonymous_14)
FN:26,(anonymous_16)
FN:28,(anonymous_18)
FN:29,(anonymous_19)
FN:37,(anonymous_20)
FN:40,(anonymous_22)
FN:41,(anonymous_23)
FN:52,(anonymous_24)
FN:67,(anonymous_25)
FNF:10
FNH:10
FNDA:11,(anonymous_13)
FNDA:1,(anonymous_14)
FNDA:1,(anonymous_16)
FNDA:1,(anonymous_18)
FNDA:1,(anonymous_19)
FNDA:3,(anonymous_20)
FNDA:2,(anonymous_22)
FNDA:2,(anonymous_23)
FNDA:1,(anonymous_24)
FNDA:1,(anonymous_25)
DA:1,5
DA:4,5
DA:16,11
DA:17,11
DA:18,11
DA:23,1
DA:27,1
DA:28,1
DA:29,1
DA:30,1
DA:31,1
DA:34,1
DA:38,3
DA:39,2
DA:40,2
DA:41,2
DA:42,2
DA:43,2
DA:44,2
DA:47,2
DA:58,1
DA:73,1
DA:79,1
DA:80,1
LF:24
LH:24
BRDA:30,0,0,0
BRDA:30,0,1,1
BRDA:38,1,0,1
BRDA:38,1,1,2
BRDA:43,2,0,0
BRDA:43,2,1,2
BRF:6
BRH:4
end_of_record
TN:
SF:src/model/AdminPersonManager.ts
FN:16,(anonymous_7)
FN:22,(anonymous_8)
FN:44,(anonymous_10)
FN:65,(anonymous_12)
FN:75,(anonymous_14)
FN:84,(anonymous_15)
FNF:6
FNH:6
FNDA:18,(anonymous_7)
FNDA:4,(anonymous_8)
FNDA:3,(anonymous_10)
FNDA:3,(anonymous_12)
FNDA:2,(anonymous_14)
FNDA:2,(anonymous_15)
DA:5,4
DA:6,4
DA:7,4
DA:8,4
DA:9,4
DA:10,4
DA:12,4
DA:13,4
DA:16,4
DA:18,18
DA:20,18
DA:23,4
DA:28,4
DA:29,4
DA:30,3
DA:31,3
DA:33,2
DA:35,1
DA:37,1
DA:38,1
DA:45,3
DA:46,1
DA:47,1
DA:50,2
DA:55,2
DA:56,2
DA:57,1
DA:59,1
DA:60,1
DA:66,3
DA:70,3
DA:71,3
DA:72,2
DA:73,1
DA:75,2
DA:78,1
DA:79,1
DA:85,2
DA:89,2
DA:90,2
DA:91,1
DA:93,1
DA:94,1
DA:101,4
LF:44
LH:44
BRDA:31,0,0,2
BRDA:31,0,1,1
BRDA:45,1,0,1
BRDA:45,1,1,2
BRDA:45,2,0,3
BRDA:45,2,1,3
BRDA:72,3,0,1
BRDA:72,3,1,1
BRF:8
BRH:8
end_of_record
TN:
SF:src/model/Boat.ts
FN:13,(anonymous_0)
FN:26,(anonymous_1)
FN:30,(anonymous_2)
FN:44,(anonymous_3)
FNF:4
FNH:2
FNDA:19,(anonymous_0)
FNDA:0,(anonymous_1)
FNDA:0,(anonymous_2)
FNDA:2,(anonymous_3)
DA:4,5
DA:5,19
DA:6,19
DA:7,19
DA:8,19
DA:9,19
DA:10,19
DA:11,19
DA:12,19
DA:14,19
DA:15,19
DA:16,19
DA:17,19
DA:18,19
DA:19,19
DA:20,19
DA:21,19
DA:27,0
DA:31,0
DA:54,2
DA:63,2
LF:21
LH:19
BRDA:13,0,0,0
BRDA:17,1,0,0
BRDA:17,1,1,19
BRDA:18,2,0,19
BRDA:18,2,1,19
BRDA:19,3,0,0
BRDA:19,3,1,19
BRDA:19,4,0,19
BRDA:19,4,1,17
BRDA:20,5,0,0
BRDA:20,5,1,19
BRDA:20,6,0,19
BRDA:20,6,1,17
BRDA:21,7,0,0
BRDA:21,7,1,19
BRDA:21,8,0,19
BRDA:21,8,1,17
BRDA:36,9,0,0
BRDA:36,9,1,0
BRDA:59,10,0,0
BRDA:59,10,1,2
BRDA:59,11,0,2
BRDA:59,11,1,2
BRDA:60,12,0,0
BRDA:60,12,1,2
BRDA:60,13,0,2
BRDA:60,13,1,2
BRDA:61,14,0,0
BRDA:61,14,1,2
BRDA:61,15,0,2
BRDA:61,15,1,2
BRF:31
BRH:21
end_of_record
TN:
SF:src/model/BoatManager.ts
FN:20,(anonymous_7)
FN:40,(anonymous_8)
FN:72,(anonymous_10)
FN:75,(anonymous_12)
FN:78,(anonymous_13)
FN:81,(anonymous_15)
FN:84,(anonymous_16)
FN:120,(anonymous_18)
FN:143,(anonymous_20)
FN:162,(anonymous_22)
FN:175,(anonymous_23)
FNF:11
FNH:11
FNDA:18,(anonymous_7)
FNDA:3,(anonymous_8)
FNDA:1,(anonymous_10)
FNDA:2,(anonymous_12)
FNDA:1,(anonymous_13)
FNDA:2,(anonymous_15)
FNDA:4,(anonymous_16)
FNDA:4,(anonymous_18)
FNDA:2,(anonymous_20)
FNDA:4,(anonymous_22)
FNDA:3,(anonymous_23)
DA:1,4
DA:2,4
DA:6,4
DA:11,4
DA:12,4
DA:14,4
DA:17,4
DA:18,4
DA:20,4
DA:36,18
DA:37,18
DA:41,3
DA:42,1
DA:43,1
DA:46,2
DA:51,2
DA:52,2
DA:53,1
DA:55,1
DA:56,1
DA:57,1
DA:58,1
DA:59,0
DA:60,0
DA:62,0
DA:65,0
DA:67,1
DA:74,1
DA:75,2
DA:80,1
DA:81,2
DA:86,4
DA:87,1
DA:88,1
DA:90,3
DA:91,0
DA:92,0
DA:94,3
DA:95,3
DA:96,1
DA:97,1
DA:99,2
DA:100,1
DA:101,1
DA:104,1
DA:105,1
DA:106,1
DA:107,1
DA:108,1
DA:109,1
DA:112,1
DA:113,1
DA:114,1
DA:115,0
DA:117,1
DA:121,4
DA:122,1
DA:125,3
DA:130,3
DA:131,3
DA:132,2
DA:133,1
DA:135,1
DA:136,1
DA:138,1
DA:139,1
DA:144,2
DA:148,2
DA:149,2
DA:150,2
DA:152,2
DA:153,0
DA:154,0
DA:157,2
DA:158,2
DA:159,0
DA:160,0
DA:162,2
DA:163,4
DA:164,4
DA:168,0
DA:169,0
DA:176,3
DA:177,3
DA:179,2
DA:180,3
DA:181,1
DA:182,1
DA:183,1
DA:187,1
DA:188,1
LF:91
LH:78
BRDA:41,0,0,1
BRDA:41,0,1,2
BRDA:41,1,0,3
BRDA:41,1,1,2
BRDA:55,2,0,1
BRDA:55,2,1,0
BRDA:55,3,0,1
BRDA:55,3,1,1
BRDA:55,3,2,1
BRDA:57,4,0,1
BRDA:57,4,1,0
BRDA:59,5,0,0
BRDA:59,5,1,0
BRDA:86,6,0,1
BRDA:86,6,1,3
BRDA:86,7,0,4
BRDA:86,7,1,3
BRDA:90,8,0,0
BRDA:90,8,1,3
BRDA:90,9,0,3
BRDA:90,9,1,3
BRDA:95,10,0,1
BRDA:95,10,1,2
BRDA:99,11,0,1
BRDA:99,11,1,1
BRDA:114,12,0,0
BRDA:114,12,1,1
BRDA:114,13,0,1
BRDA:114,13,1,1
BRDA:121,14,0,1
BRDA:121,14,1,3
BRDA:132,15,0,1
BRDA:132,15,1,1
BRDA:152,16,0,0
BRDA:152,16,1,2
BRDA:158,17,0,0
BRDA:158,17,1,2
BRDA:162,18,0,2
BRDA:162,18,1,0
BRDA:180,19,0,1
BRDA:180,19,1,2
BRF:41
BRH:32
end_of_record
TN:
SF:src/model/Config.ts
FN:7,(anonymous_6)
FN:29,(anonymous_7)
FN:51,(anonymous_8)
FN:58,(anonymous_9)
FN:62,(anonymous_10)
FN:66,(anonymous_11)
FNF:6
FNH:4
FNDA:10,(anonymous_6)
FNDA:10,(anonymous_7)
FNDA:16,(anonymous_8)
FNDA:0,(anonymous_9)
FNDA:16,(anonymous_10)
FNDA:0,(anonymous_11)
DA:1,12
DA:3,12
DA:8,10
DA:11,10
DA:12,10
DA:13,10
DA:14,10
DA:15,10
DA:16,10
DA:22,10
DA:27,10
DA:35,10
DA:36,10
DA:37,10
DA:38,10
DA:40,0
DA:42,0
DA:52,16
DA:53,10
DA:55,16
DA:59,0
DA:63,16
DA:67,0
LF:23
LH:19
BRDA:52,0,0,10
BRDA:52,0,1,6
BRF:2
BRH:2
end_of_record
TN:
SF:src/model/DefectManager.ts
FN:11,(anonymous_7)
FN:16,(anonymous_8)
FN:29,(anonymous_10)
FNF:3
FNH:3
FNDA:6,(anonymous_7)
FNDA:1,(anonymous_8)
FNDA:3,(anonymous_10)
DA:1,4
DA:2,4
DA:4,4
DA:5,4
DA:6,4
DA:8,4
DA:9,4
DA:11,4
DA:13,6
DA:14,6
DA:21,1
DA:25,1
DA:30,3
DA:37,3
DA:38,3
DA:39,1
DA:46,2
LF:17
LH:17
BRDA:38,0,0,1
BRDA:38,0,1,2
BRDA:40,1,0,1
BRDA:40,1,1,0
BRDA:40,2,0,1
BRDA:40,2,1,1
BRDA:41,3,0,1
BRDA:41,3,1,0
BRDA:41,4,0,1
BRDA:41,4,1,1
BRDA:42,5,0,1
BRDA:42,5,1,0
BRDA:42,6,0,1
BRDA:42,6,1,1
BRDA:42,7,0,0
BRDA:42,7,1,1
BRDA:42,8,0,1
BRDA:42,8,1,1
BRDA:43,9,0,1
BRDA:43,9,1,0
BRDA:43,10,0,0
BRDA:43,10,1,1
BRDA:43,11,0,1
BRDA:43,11,1,1
BRF:24
BRH:18
end_of_record
TN:
SF:src/model/LogManager.ts
FN:17,(anonymous_7)
FN:33,(anonymous_9)
FN:41,(anonymous_11)
FN:42,(anonymous_12)
FNF:4
FNH:4
FNDA:3,(anonymous_7)
FNDA:2,(anonymous_9)
FNDA:2,(anonymous_11)
FNDA:1,(anonymous_12)
DA:1,4
DA:2,4
DA:3,4
DA:4,4
DA:5,4
DA:6,4
DA:8,4
DA:9,4
DA:10,4
DA:11,4
DA:14,4
DA:18,3
DA:19,3
DA:25,3
DA:26,2
DA:28,1
DA:29,1
DA:34,2
DA:37,2
DA:40,2
DA:41,2
DA:43,1
DA:44,1
DA:45,1
DA:50,4
LF:25
LH:25
BRDA:9,0,0,4
BRDA:9,0,1,0
BRDA:40,1,0,1
BRDA:40,1,1,1
BRDA:40,2,0,2
BRDA:40,2,1,2
BRDA:43,3,0,1
BRDA:43,3,1,0
BRDA:43,4,0,1
BRDA:43,4,1,1
BRDA:44,5,0,1
BRDA:44,5,1,0
BRDA:44,6,0,1
BRDA:44,6,1,1
BRF:14
BRH:11
end_of_record
TN:
SF:src/model/Person.ts
FN:13,(anonymous_0)
FN:32,(anonymous_1)
FN:53,(anonymous_2)
FNF:3
FNH:2
FNDA:14,(anonymous_0)
FNDA:0,(anonymous_1)
FNDA:2,(anonymous_2)
DA:3,4
DA:21,14
DA:22,14
DA:23,14
DA:24,14
DA:25,14
DA:26,14
DA:27,14
DA:41,0
DA:62,2
DA:70,2
DA:71,2
LF:12
LH:11
BRF:0
BRH:0
end_of_record
TN:
SF:src/model/PersonManager.ts
FN:16,(anonymous_7)
FN:24,(anonymous_8)
FN:45,(anonymous_10)
FN:55,(anonymous_12)
FN:63,(anonymous_13)
FN:84,(anonymous_15)
FN:99,(anonymous_17)
FNF:7
FNH:7
FNDA:29,(anonymous_7)
FNDA:3,(anonymous_8)
FNDA:3,(anonymous_10)
FNDA:2,(anonymous_12)
FNDA:3,(anonymous_13)
FNDA:2,(anonymous_15)
FNDA:8,(anonymous_17)
DA:5,4
DA:6,4
DA:7,4
DA:8,4
DA:9,4
DA:12,4
DA:13,4
DA:16,4
DA:18,29
DA:20,29
DA:25,3
DA:26,1
DA:27,1
DA:30,2
DA:35,2
DA:36,2
DA:37,1
DA:39,1
DA:40,1
DA:46,3
DA:50,3
DA:51,3
DA:52,2
DA:53,1
DA:55,2
DA:58,1
DA:59,1
DA:64,3
DA:67,3
DA:68,3
DA:69,2
DA:70,1
DA:71,2
DA:72,2
DA:73,2
DA:74,2
DA:79,1
DA:80,1
DA:85,2
DA:89,2
DA:90,2
DA:91,2
DA:93,0
DA:94,0
DA:105,8
DA:107,8
DA:108,8
DA:111,8
DA:112,1
DA:113,1
DA:117,7
DA:125,7
DA:126,7
DA:127,5
DA:128,3
DA:129,5
DA:130,5
DA:131,5
DA:132,5
DA:138,5
DA:143,5
DA:145,2
DA:146,2
DA:150,4
LF:64
LH:62
BRDA:25,0,0,1
BRDA:25,0,1,2
BRDA:25,1,0,3
BRDA:25,1,1,2
BRDA:52,2,0,1
BRDA:52,2,1,1
BRDA:69,3,0,1
BRDA:69,3,1,1
BRDA:69,4,0,2
BRDA:69,4,1,2
BRDA:72,5,0,2
BRDA:72,5,1,0
BRDA:72,6,0,2
BRDA:72,6,1,2
BRDA:72,6,2,2
BRDA:111,7,0,1
BRDA:111,7,1,7
BRDA:111,8,0,8
BRDA:111,8,1,7
BRDA:111,8,2,7
BRDA:127,9,0,3
BRDA:127,9,1,2
BRDA:127,10,0,5
BRDA:127,10,1,5
BRDA:132,11,0,5
BRDA:132,11,1,0
BRDA:133,12,0,5
BRDA:133,12,1,5
BRDA:133,12,2,5
BRDA:133,12,3,5
BRDA:133,12,4,4
BRF:31
BRH:29
end_of_record
TN:
SF:src/model/dao.ts
FN:21,(anonymous_7)
FN:33,(anonymous_8)
FN:53,(anonymous_10)
FNF:3
FNH:3
FNDA:7,(anonymous_7)
FNDA:3,(anonymous_8)
FNDA:1,(anonymous_10)
DA:1,3
DA:2,3
DA:3,3
DA:5,3
DA:7,3
DA:8,3
DA:9,3
DA:11,3
DA:19,7
DA:23,7
DA:24,7
DA:25,7
DA:26,7
DA:27,7
DA:34,3
DA:35,2
DA:37,1
DA:42,1
DA:45,1
DA:46,1
DA:49,1
DA:50,0
DA:54,1
DA:68,3
LF:24
LH:23
BRDA:34,0,0,2
BRDA:34,0,1,1
BRDA:34,1,0,3
BRDA:34,1,1,2
BRF:4
BRH:4
end_of_record
TN:
SF:src/model/defect.ts
FN:7,(anonymous_0)
FN:20,(anonymous_1)
FN:28,(anonymous_2)
FN:39,(anonymous_3)
FNF:4
FNH:2
FNDA:14,(anonymous_0)
FNDA:2,(anonymous_1)
FNDA:0,(anonymous_2)
FNDA:0,(anonymous_3)
DA:2,5
DA:8,14
DA:9,14
DA:10,14
DA:14,5
DA:18,2
DA:21,2
DA:22,2
DA:23,2
DA:24,2
DA:29,0
DA:40,0
LF:12
LH:10
BRDA:24,0,0,2
BRDA:24,0,1,0
BRF:2
BRH:1
end_of_record
TN:
SF:src/model/log.ts
FN:28,(anonymous_0)
FN:42,(anonymous_1)
FN:65,(anonymous_2)
FNF:3
FNH:2
FNDA:4,(anonymous_0)
FNDA:1,(anonymous_1)
FNDA:0,(anonymous_2)
DA:13,4
DA:15,4
DA:29,4
DA:30,4
DA:31,4
DA:33,0
DA:34,0
DA:36,4
DA:37,0
DA:38,0
DA:53,1
DA:66,0
LF:12
LH:7
BRDA:30,0,0,4
BRDA:30,0,1,0
BRDA:30,1,0,4
BRDA:30,1,1,4
BRDA:31,2,0,0
BRDA:31,2,1,4
BRDA:31,3,0,4
BRDA:31,3,1,3
BRDA:36,4,0,0
BRDA:36,4,1,4
BRDA:36,5,0,4
BRDA:36,5,1,1
BRDA:55,6,0,1
BRDA:55,6,1,0
BRDA:55,7,0,1
BRDA:55,7,1,1
BRDA:56,8,0,1
BRDA:56,8,1,0
BRDA:56,9,0,1
BRDA:56,9,1,1
BRDA:59,10,0,1
BRDA:59,10,1,0
BRDA:60,11,0,0
BRDA:60,11,1,1
BRDA:61,12,0,0
BRDA:61,12,1,1
BRDA:68,13,0,0
BRDA:68,13,1,0
BRDA:69,14,0,0
BRDA:69,14,1,0
BRF:30
BRH:18
end_of_record
